[0.018s] Invoking command in '/home/minhdiem/Do an da nganh/controlRobotBlockly-main/Backend/ros2_ws/build/turtlesim': CMAKE_PREFIX_PATH=${CMAKE_PREFIX_PATH}:/opt/ros/humble /usr/bin/cmake /home/minhdiem/Do an da nganh/controlRobotBlockly-main/Backend/ros2_ws/src/ros_tutorials/turtlesim -DCMAKE_INSTALL_PREFIX=/home/minhdiem/Do an da nganh/controlRobotBlockly-main/Backend/ros2_ws/install/turtlesim
[0.465s] -- The C compiler identification is GNU 11.4.0
[0.867s] -- The CXX compiler identification is GNU 11.4.0
[0.965s] -- Detecting C compiler ABI info
[1.174s] -- Detecting C compiler ABI info - done
[1.189s] -- Check for working C compiler: /usr/bin/cc - skipped
[1.190s] -- Detecting C compile features
[1.191s] -- Detecting C compile features - done
[1.198s] -- Detecting CXX compiler ABI info
[1.360s] -- Detecting CXX compiler ABI info - done
[1.369s] -- Check for working CXX compiler: /usr/bin/c++ - skipped
[1.369s] -- Detecting CXX compile features
[1.370s] -- Detecting CXX compile features - done
[1.383s] -- Found ament_cmake: 1.3.8 (/opt/ros/humble/share/ament_cmake/cmake)
[2.034s] -- Found Python3: /usr/bin/python3 (found version "3.10.12") found components: Interpreter 
[2.332s] -- Found ament_index_cpp: 1.4.0 (/opt/ros/humble/share/ament_index_cpp/cmake)
[2.340s] -- Found geometry_msgs: 4.2.3 (/opt/ros/humble/share/geometry_msgs/cmake)
[2.531s] -- Found rosidl_generator_c: 3.1.5 (/opt/ros/humble/share/rosidl_generator_c/cmake)
[2.544s] -- Found rosidl_adapter: 3.1.5 (/opt/ros/humble/share/rosidl_adapter/cmake)
[2.597s] -- Found rosidl_generator_cpp: 3.1.5 (/opt/ros/humble/share/rosidl_generator_cpp/cmake)
[2.696s] -- Using all available rosidl_typesupport_c: rosidl_typesupport_fastrtps_c;rosidl_typesupport_introspection_c
[2.799s] -- Using all available rosidl_typesupport_cpp: rosidl_typesupport_fastrtps_cpp;rosidl_typesupport_introspection_cpp
[3.167s] -- Found rclcpp: 16.0.8 (/opt/ros/humble/share/rclcpp/cmake)
[3.387s] -- Found rmw_implementation_cmake: 6.1.1 (/opt/ros/humble/share/rmw_implementation_cmake/cmake)
[3.466s] -- Found rmw_cyclonedds_cpp: 1.3.4 (/opt/ros/humble/share/rmw_cyclonedds_cpp/cmake)
[3.577s] -- Using RMW implementation 'rmw_cyclonedds_cpp' as default
[3.612s] -- Looking for pthread.h
[3.745s] -- Looking for pthread.h - found
[3.745s] -- Performing Test CMAKE_HAVE_LIBC_PTHREAD
[3.881s] -- Performing Test CMAKE_HAVE_LIBC_PTHREAD - Success
[3.881s] -- Found Threads: TRUE  
[4.216s] -- Found rclcpp_action: 16.0.8 (/opt/ros/humble/share/rclcpp_action/cmake)
[4.414s] -- Found rosidl_default_generators: 1.2.0 (/opt/ros/humble/share/rosidl_default_generators/cmake)
[4.457s] -- Found std_srvs: 4.2.3 (/opt/ros/humble/share/std_srvs/cmake)
[4.993s] -- Found ament_cmake_ros: 0.10.0 (/opt/ros/humble/share/ament_cmake_ros/cmake)
[5.547s] -- Using all available rosidl_typesupport_c: rosidl_typesupport_fastrtps_c;rosidl_typesupport_introspection_c
[5.730s] -- Using all available rosidl_typesupport_cpp: rosidl_typesupport_fastrtps_cpp;rosidl_typesupport_introspection_cpp
[5.790s] -- Found PythonInterp: /usr/bin/python3 (found suitable version "3.10.12", minimum required is "3.6") 
[5.793s] -- Found python_cmake_module: 0.10.0 (/opt/ros/humble/share/python_cmake_module/cmake)
[5.834s] -- Found PythonLibs: /usr/lib/x86_64-linux-gnu/libpython3.10.so (found suitable version "3.10.12", minimum required is "3.5") 
[5.834s] -- Using PYTHON_EXECUTABLE: /usr/bin/python3
[5.834s] -- Using PYTHON_INCLUDE_DIRS: /usr/include/python3.10
[5.835s] -- Using PYTHON_LIBRARIES: /usr/lib/x86_64-linux-gnu/libpython3.10.so
[5.866s] -- Found PythonExtra: .so  
[5.997s] -- Configuring done
[6.104s] -- Generating done
[6.107s] -- Build files have been written to: /home/minhdiem/Do an da nganh/controlRobotBlockly-main/Backend/ros2_ws/build/turtlesim
[6.125s] Invoked command in '/home/minhdiem/Do an da nganh/controlRobotBlockly-main/Backend/ros2_ws/build/turtlesim' returned '0': CMAKE_PREFIX_PATH=${CMAKE_PREFIX_PATH}:/opt/ros/humble /usr/bin/cmake /home/minhdiem/Do an da nganh/controlRobotBlockly-main/Backend/ros2_ws/src/ros_tutorials/turtlesim -DCMAKE_INSTALL_PREFIX=/home/minhdiem/Do an da nganh/controlRobotBlockly-main/Backend/ros2_ws/install/turtlesim
[6.125s] Invoking command in '/home/minhdiem/Do an da nganh/controlRobotBlockly-main/Backend/ros2_ws/build/turtlesim': CMAKE_PREFIX_PATH=${CMAKE_PREFIX_PATH}:/opt/ros/humble /usr/bin/cmake --build /home/minhdiem/Do an da nganh/controlRobotBlockly-main/Backend/ros2_ws/build/turtlesim -- -j4 -l4
[6.228s] [  1%] [34m[1mGenerating C code for ROS interfaces[0m
[6.269s] [  1%] Built target ament_cmake_python_copy_turtlesim
[6.269s] [  2%] [34m[1mGenerating C++ code for ROS interfaces[0m
[6.600s] running egg_info
[6.606s] creating turtlesim.egg-info
[6.628s] writing turtlesim.egg-info/PKG-INFO
[6.628s] writing dependency_links to turtlesim.egg-info/dependency_links.txt
[6.631s] writing top-level names to turtlesim.egg-info/top_level.txt
[6.631s] writing manifest file 'turtlesim.egg-info/SOURCES.txt'
[6.683s] reading manifest file 'turtlesim.egg-info/SOURCES.txt'
[6.699s] writing manifest file 'turtlesim.egg-info/SOURCES.txt'
[6.752s] [  2%] Built target ament_cmake_python_build_turtlesim_egg
[8.013s] [  2%] Built target turtlesim__cpp
[8.039s] [  3%] [34m[1mGenerating C++ type support dispatch for ROS interfaces[0m
[8.066s] [  4%] [34m[1mGenerating C++ type support for eProsima Fast-RTPS[0m
[8.134s] [  5%] [34m[1mGenerating C++ introspection for ROS interfaces[0m
[8.169s] [  6%] [32mBuilding C object CMakeFiles/turtlesim__rosidl_generator_c.dir/rosidl_generator_c/turtlesim/action/detail/rotate_absolute__functions.c.o[0m
[8.671s] [  7%] [32mBuilding C object CMakeFiles/turtlesim__rosidl_generator_c.dir/rosidl_generator_c/turtlesim/msg/detail/color__functions.c.o[0m
[9.101s] [  8%] [32mBuilding C object CMakeFiles/turtlesim__rosidl_generator_c.dir/rosidl_generator_c/turtlesim/msg/detail/pose__functions.c.o[0m
[9.231s] [  9%] [32mBuilding C object CMakeFiles/turtlesim__rosidl_generator_c.dir/rosidl_generator_c/turtlesim/srv/detail/kill__functions.c.o[0m
[9.421s] [ 10%] [32mBuilding CXX object CMakeFiles/turtlesim__rosidl_typesupport_cpp.dir/rosidl_typesupport_cpp/turtlesim/action/rotate_absolute__type_support.cpp.o[0m
[9.428s] [ 11%] [32mBuilding C object CMakeFiles/turtlesim__rosidl_generator_c.dir/rosidl_generator_c/turtlesim/srv/detail/set_pen__functions.c.o[0m
[9.587s] [ 12%] [32mBuilding C object CMakeFiles/turtlesim__rosidl_generator_c.dir/rosidl_generator_c/turtlesim/srv/detail/spawn__functions.c.o[0m
[9.621s] [ 13%] [32mBuilding CXX object CMakeFiles/turtlesim__rosidl_typesupport_introspection_cpp.dir/rosidl_typesupport_introspection_cpp/turtlesim/action/detail/rotate_absolute__type_support.cpp.o[0m
[9.680s] [ 14%] [32mBuilding C object CMakeFiles/turtlesim__rosidl_generator_c.dir/rosidl_generator_c/turtlesim/srv/detail/teleport_absolute__functions.c.o[0m
[9.794s] [ 15%] [32mBuilding C object CMakeFiles/turtlesim__rosidl_generator_c.dir/rosidl_generator_c/turtlesim/srv/detail/teleport_relative__functions.c.o[0m
[9.876s] [ 16%] [32m[1mLinking C shared library libturtlesim__rosidl_generator_c.so[0m
[9.901s] [ 17%] [32mBuilding CXX object CMakeFiles/turtlesim__rosidl_typesupport_fastrtps_cpp.dir/rosidl_typesupport_fastrtps_cpp/turtlesim/action/detail/dds_fastrtps/rotate_absolute__type_support.cpp.o[0m
[9.931s] [ 17%] Built target turtlesim__rosidl_generator_c
[9.965s] [ 18%] [34m[1mGenerating C type support for eProsima Fast-RTPS[0m
[10.380s] [ 19%] [32mBuilding CXX object CMakeFiles/turtlesim__rosidl_typesupport_cpp.dir/rosidl_typesupport_cpp/turtlesim/msg/color__type_support.cpp.o[0m
[10.866s] [ 20%] [32mBuilding CXX object CMakeFiles/turtlesim__rosidl_typesupport_introspection_cpp.dir/rosidl_typesupport_introspection_cpp/turtlesim/msg/detail/color__type_support.cpp.o[0m
[10.978s] [ 21%] [32mBuilding CXX object CMakeFiles/turtlesim__rosidl_typesupport_cpp.dir/rosidl_typesupport_cpp/turtlesim/msg/pose__type_support.cpp.o[0m
[11.176s] [ 22%] [32mBuilding CXX object CMakeFiles/turtlesim__rosidl_typesupport_fastrtps_cpp.dir/rosidl_typesupport_fastrtps_cpp/turtlesim/msg/detail/dds_fastrtps/color__type_support.cpp.o[0m
[11.375s] [ 23%] [32mBuilding CXX object CMakeFiles/turtlesim__rosidl_typesupport_introspection_cpp.dir/rosidl_typesupport_introspection_cpp/turtlesim/msg/detail/pose__type_support.cpp.o[0m
[11.393s] [ 24%] [32mBuilding CXX object CMakeFiles/turtlesim__rosidl_typesupport_cpp.dir/rosidl_typesupport_cpp/turtlesim/srv/kill__type_support.cpp.o[0m
[11.729s] [ 25%] [32mBuilding CXX object CMakeFiles/turtlesim__rosidl_typesupport_cpp.dir/rosidl_typesupport_cpp/turtlesim/srv/set_pen__type_support.cpp.o[0m
[11.742s] [ 26%] [32mBuilding CXX object CMakeFiles/turtlesim__rosidl_typesupport_fastrtps_c.dir/rosidl_typesupport_fastrtps_c/turtlesim/action/detail/rotate_absolute__type_support_c.cpp.o[0m
[11.767s] [ 27%] [32mBuilding CXX object CMakeFiles/turtlesim__rosidl_typesupport_fastrtps_cpp.dir/rosidl_typesupport_fastrtps_cpp/turtlesim/msg/detail/dds_fastrtps/pose__type_support.cpp.o[0m
[11.922s] [ 28%] [32mBuilding CXX object CMakeFiles/turtlesim__rosidl_typesupport_introspection_cpp.dir/rosidl_typesupport_introspection_cpp/turtlesim/srv/detail/kill__type_support.cpp.o[0m
[12.244s] [ 29%] [32mBuilding CXX object CMakeFiles/turtlesim__rosidl_typesupport_cpp.dir/rosidl_typesupport_cpp/turtlesim/srv/spawn__type_support.cpp.o[0m
[12.278s] [ 30%] [32mBuilding CXX object CMakeFiles/turtlesim__rosidl_typesupport_fastrtps_c.dir/rosidl_typesupport_fastrtps_c/turtlesim/msg/detail/color__type_support_c.cpp.o[0m
[12.362s] [ 31%] [32mBuilding CXX object CMakeFiles/turtlesim__rosidl_typesupport_fastrtps_cpp.dir/rosidl_typesupport_fastrtps_cpp/turtlesim/srv/detail/dds_fastrtps/kill__type_support.cpp.o[0m
[12.541s] [ 32%] [32mBuilding CXX object CMakeFiles/turtlesim__rosidl_typesupport_introspection_cpp.dir/rosidl_typesupport_introspection_cpp/turtlesim/srv/detail/set_pen__type_support.cpp.o[0m
[12.634s] [ 33%] [32mBuilding CXX object CMakeFiles/turtlesim__rosidl_typesupport_cpp.dir/rosidl_typesupport_cpp/turtlesim/srv/teleport_absolute__type_support.cpp.o[0m
[12.650s] [ 34%] [32mBuilding CXX object CMakeFiles/turtlesim__rosidl_typesupport_fastrtps_c.dir/rosidl_typesupport_fastrtps_c/turtlesim/msg/detail/pose__type_support_c.cpp.o[0m
[12.853s] [ 35%] [32mBuilding CXX object CMakeFiles/turtlesim__rosidl_typesupport_fastrtps_cpp.dir/rosidl_typesupport_fastrtps_cpp/turtlesim/srv/detail/dds_fastrtps/set_pen__type_support.cpp.o[0m
[12.990s] [ 36%] [32mBuilding CXX object CMakeFiles/turtlesim__rosidl_typesupport_cpp.dir/rosidl_typesupport_cpp/turtlesim/srv/teleport_relative__type_support.cpp.o[0m
[13.070s] [ 37%] [32mBuilding CXX object CMakeFiles/turtlesim__rosidl_typesupport_introspection_cpp.dir/rosidl_typesupport_introspection_cpp/turtlesim/srv/detail/spawn__type_support.cpp.o[0m
[13.175s] [ 38%] [32mBuilding CXX object CMakeFiles/turtlesim__rosidl_typesupport_fastrtps_c.dir/rosidl_typesupport_fastrtps_c/turtlesim/srv/detail/kill__type_support_c.cpp.o[0m
[13.348s] [ 39%] [32m[1mLinking CXX shared library libturtlesim__rosidl_typesupport_cpp.so[0m
[13.498s] [ 39%] Built target turtlesim__rosidl_typesupport_cpp
[13.527s] [ 40%] [34m[1mGenerating C introspection for ROS interfaces[0m
[13.652s] [ 41%] [32mBuilding CXX object CMakeFiles/turtlesim__rosidl_typesupport_fastrtps_cpp.dir/rosidl_typesupport_fastrtps_cpp/turtlesim/srv/detail/dds_fastrtps/spawn__type_support.cpp.o[0m
[13.718s] [ 42%] [32mBuilding CXX object CMakeFiles/turtlesim__rosidl_typesupport_fastrtps_c.dir/rosidl_typesupport_fastrtps_c/turtlesim/srv/detail/set_pen__type_support_c.cpp.o[0m
[13.925s] [ 43%] [32mBuilding CXX object CMakeFiles/turtlesim__rosidl_typesupport_introspection_cpp.dir/rosidl_typesupport_introspection_cpp/turtlesim/srv/detail/teleport_absolute__type_support.cpp.o[0m
[14.202s] [ 44%] [32mBuilding CXX object CMakeFiles/turtlesim__rosidl_typesupport_fastrtps_c.dir/rosidl_typesupport_fastrtps_c/turtlesim/srv/detail/spawn__type_support_c.cpp.o[0m
[14.308s] [ 45%] [32mBuilding CXX object CMakeFiles/turtlesim__rosidl_typesupport_fastrtps_cpp.dir/rosidl_typesupport_fastrtps_cpp/turtlesim/srv/detail/dds_fastrtps/teleport_absolute__type_support.cpp.o[0m
[14.626s] [ 46%] [32mBuilding CXX object CMakeFiles/turtlesim__rosidl_typesupport_introspection_cpp.dir/rosidl_typesupport_introspection_cpp/turtlesim/srv/detail/teleport_relative__type_support.cpp.o[0m
[14.903s] [ 47%] [32mBuilding CXX object CMakeFiles/turtlesim__rosidl_typesupport_fastrtps_c.dir/rosidl_typesupport_fastrtps_c/turtlesim/srv/detail/teleport_absolute__type_support_c.cpp.o[0m
[15.089s] [ 48%] [32mBuilding C object CMakeFiles/turtlesim__rosidl_typesupport_introspection_c.dir/rosidl_typesupport_introspection_c/turtlesim/action/detail/rotate_absolute__type_support.c.o[0m
[15.109s] [ 49%] [32mBuilding CXX object CMakeFiles/turtlesim__rosidl_typesupport_fastrtps_cpp.dir/rosidl_typesupport_fastrtps_cpp/turtlesim/srv/detail/dds_fastrtps/teleport_relative__type_support.cpp.o[0m
[15.267s] [ 50%] [32mBuilding C object CMakeFiles/turtlesim__rosidl_typesupport_introspection_c.dir/rosidl_typesupport_introspection_c/turtlesim/msg/detail/color__type_support.c.o[0m
[15.323s] [ 51%] [32m[1mLinking CXX shared library libturtlesim__rosidl_typesupport_introspection_cpp.so[0m
[15.338s] [ 52%] [32mBuilding C object CMakeFiles/turtlesim__rosidl_typesupport_introspection_c.dir/rosidl_typesupport_introspection_c/turtlesim/msg/detail/pose__type_support.c.o[0m
[15.506s] [ 53%] [32mBuilding C object CMakeFiles/turtlesim__rosidl_typesupport_introspection_c.dir/rosidl_typesupport_introspection_c/turtlesim/srv/detail/kill__type_support.c.o[0m
[15.513s] [ 53%] Built target turtlesim__rosidl_typesupport_introspection_cpp
[15.577s] [ 54%] [34m[1mGenerating C type support dispatch for ROS interfaces[0m
[15.604s] [ 55%] [32mBuilding CXX object CMakeFiles/turtlesim__rosidl_typesupport_fastrtps_c.dir/rosidl_typesupport_fastrtps_c/turtlesim/srv/detail/teleport_relative__type_support_c.cpp.o[0m
[15.692s] [ 56%] [32mBuilding C object CMakeFiles/turtlesim__rosidl_typesupport_introspection_c.dir/rosidl_typesupport_introspection_c/turtlesim/srv/detail/set_pen__type_support.c.o[0m
[15.910s] [ 57%] [32mBuilding C object CMakeFiles/turtlesim__rosidl_typesupport_introspection_c.dir/rosidl_typesupport_introspection_c/turtlesim/srv/detail/spawn__type_support.c.o[0m
[16.056s] [ 58%] [32mBuilding C object CMakeFiles/turtlesim__rosidl_typesupport_introspection_c.dir/rosidl_typesupport_introspection_c/turtlesim/srv/detail/teleport_absolute__type_support.c.o[0m
[16.079s] [ 59%] [32m[1mLinking CXX shared library libturtlesim__rosidl_typesupport_fastrtps_cpp.so[0m
[16.164s] [ 60%] [32mBuilding C object CMakeFiles/turtlesim__rosidl_typesupport_introspection_c.dir/rosidl_typesupport_introspection_c/turtlesim/srv/detail/teleport_relative__type_support.c.o[0m
[16.215s] [ 60%] Built target turtlesim__rosidl_typesupport_fastrtps_cpp
[16.239s] [ 61%] [34m[1mGenerating include/turtlesim/moc_turtle_frame.cpp[0m
[16.249s] [ 62%] [32m[1mLinking C shared library libturtlesim__rosidl_typesupport_introspection_c.so[0m
[16.252s] [ 63%] [32m[1mLinking CXX shared library libturtlesim__rosidl_typesupport_fastrtps_c.so[0m
[16.326s] [ 63%] Built target turtlesim__rosidl_typesupport_introspection_c
[16.368s] [ 64%] [32mBuilding CXX object CMakeFiles/turtle_teleop_key.dir/tutorials/teleop_turtle_key.cpp.o[0m
[16.419s] [ 64%] Built target turtlesim__rosidl_typesupport_fastrtps_c
[16.450s] [ 65%] [32mBuilding CXX object CMakeFiles/turtlesim_node.dir/src/turtlesim.cpp.o[0m
[16.464s] [ 66%] [32mBuilding CXX object CMakeFiles/draw_square.dir/tutorials/draw_square.cpp.o[0m
[16.510s] [ 67%] [32mBuilding CXX object CMakeFiles/turtlesim__rosidl_typesupport_c.dir/rosidl_typesupport_c/turtlesim/action/rotate_absolute__type_support.cpp.o[0m
[16.680s] [ 68%] [32mBuilding CXX object CMakeFiles/turtlesim__rosidl_typesupport_c.dir/rosidl_typesupport_c/turtlesim/msg/color__type_support.cpp.o[0m
[16.799s] [ 69%] [32mBuilding CXX object CMakeFiles/turtlesim__rosidl_typesupport_c.dir/rosidl_typesupport_c/turtlesim/msg/pose__type_support.cpp.o[0m
[16.948s] [ 70%] [32mBuilding CXX object CMakeFiles/turtlesim__rosidl_typesupport_c.dir/rosidl_typesupport_c/turtlesim/srv/kill__type_support.cpp.o[0m
[17.090s] [ 71%] [32mBuilding CXX object CMakeFiles/turtlesim__rosidl_typesupport_c.dir/rosidl_typesupport_c/turtlesim/srv/set_pen__type_support.cpp.o[0m
[17.253s] [ 72%] [32mBuilding CXX object CMakeFiles/turtlesim__rosidl_typesupport_c.dir/rosidl_typesupport_c/turtlesim/srv/spawn__type_support.cpp.o[0m
[17.386s] [ 73%] [32mBuilding CXX object CMakeFiles/turtlesim__rosidl_typesupport_c.dir/rosidl_typesupport_c/turtlesim/srv/teleport_absolute__type_support.cpp.o[0m
[17.461s] [ 74%] [32mBuilding CXX object CMakeFiles/turtlesim__rosidl_typesupport_c.dir/rosidl_typesupport_c/turtlesim/srv/teleport_relative__type_support.cpp.o[0m
[17.568s] [ 75%] [32m[1mLinking CXX shared library libturtlesim__rosidl_typesupport_c.so[0m
[17.713s] [ 75%] Built target turtlesim__rosidl_typesupport_c
[17.781s] [ 76%] [32mBuilding CXX object CMakeFiles/mimic.dir/tutorials/mimic.cpp.o[0m
[30.502s] [ 77%] [32mBuilding CXX object CMakeFiles/turtlesim_node.dir/src/turtle.cpp.o[0m
[34.442s] [ 78%] [32m[1mLinking CXX executable turtle_teleop_key[0m
[35.195s] [ 78%] Built target turtle_teleop_key
[38.563s] [ 79%] [32m[1mLinking CXX executable mimic[0m
[38.937s] [ 80%] [32m[1mLinking CXX executable draw_square[0m
[39.504s] [ 80%] Built target mimic
[39.866s] [ 80%] Built target draw_square
[48.466s] [ 81%] [32mBuilding CXX object CMakeFiles/turtlesim_node.dir/include/turtlesim/moc_turtle_frame.cpp.o[0m
[53.691s] [ 82%] [32mBuilding CXX object CMakeFiles/turtlesim_node.dir/src/turtle_frame.cpp.o[0m
[65.136s] [ 83%] [32m[1mLinking CXX executable turtlesim_node[0m
[68.045s] [ 83%] Built target turtlesim_node
[68.079s] [ 83%] Built target turtlesim
[68.106s] [ 84%] [34m[1mGenerating Python code for ROS interfaces[0m
[70.093s] [ 84%] Built target turtlesim__py
[70.142s] [ 85%] [32mBuilding C object CMakeFiles/turtlesim__rosidl_generator_py.dir/rosidl_generator_py/turtlesim/action/_rotate_absolute_s.c.o[0m
[70.517s] [ 86%] [32mBuilding C object CMakeFiles/turtlesim__rosidl_generator_py.dir/rosidl_generator_py/turtlesim/srv/_kill_s.c.o[0m
[70.642s] [ 87%] [32mBuilding C object CMakeFiles/turtlesim__rosidl_generator_py.dir/rosidl_generator_py/turtlesim/srv/_set_pen_s.c.o[0m
[70.777s] [ 88%] [32mBuilding C object CMakeFiles/turtlesim__rosidl_generator_py.dir/rosidl_generator_py/turtlesim/srv/_spawn_s.c.o[0m
[70.981s] [ 89%] [32mBuilding C object CMakeFiles/turtlesim__rosidl_generator_py.dir/rosidl_generator_py/turtlesim/srv/_teleport_absolute_s.c.o[0m
[71.182s] [ 90%] [32mBuilding C object CMakeFiles/turtlesim__rosidl_generator_py.dir/rosidl_generator_py/turtlesim/srv/_teleport_relative_s.c.o[0m
[71.335s] [ 91%] [32mBuilding C object CMakeFiles/turtlesim__rosidl_generator_py.dir/rosidl_generator_py/turtlesim/msg/_pose_s.c.o[0m
[71.487s] [ 92%] [32mBuilding C object CMakeFiles/turtlesim__rosidl_generator_py.dir/rosidl_generator_py/turtlesim/msg/_color_s.c.o[0m
[71.658s] [ 93%] [32m[1mLinking C shared library rosidl_generator_py/turtlesim/libturtlesim__rosidl_generator_py.so[0m
[71.776s] [ 93%] Built target turtlesim__rosidl_generator_py
[71.807s] [ 94%] [32mBuilding C object CMakeFiles/turtlesim__rosidl_typesupport_fastrtps_c__pyext.dir/rosidl_generator_py/turtlesim/_turtlesim_s.ep.rosidl_typesupport_fastrtps_c.c.o[0m
[72.005s] [ 95%] [32m[1mLinking C shared library rosidl_generator_py/turtlesim/turtlesim_s__rosidl_typesupport_fastrtps_c.cpython-310-x86_64-linux-gnu.so[0m
[72.069s] [ 95%] Built target turtlesim__rosidl_typesupport_fastrtps_c__pyext
[72.172s] [ 96%] [32mBuilding C object CMakeFiles/turtlesim__rosidl_typesupport_c__pyext.dir/rosidl_generator_py/turtlesim/_turtlesim_s.ep.rosidl_typesupport_c.c.o[0m
[72.454s] [ 97%] [32m[1mLinking C shared library rosidl_generator_py/turtlesim/turtlesim_s__rosidl_typesupport_c.cpython-310-x86_64-linux-gnu.so[0m
[72.557s] [ 97%] Built target turtlesim__rosidl_typesupport_c__pyext
[72.623s] [ 98%] [32mBuilding C object CMakeFiles/turtlesim__rosidl_typesupport_introspection_c__pyext.dir/rosidl_generator_py/turtlesim/_turtlesim_s.ep.rosidl_typesupport_introspection_c.c.o[0m
[72.881s] [100%] [32m[1mLinking C shared library rosidl_generator_py/turtlesim/turtlesim_s__rosidl_typesupport_introspection_c.cpython-310-x86_64-linux-gnu.so[0m
[72.952s] [100%] Built target turtlesim__rosidl_typesupport_introspection_c__pyext
[72.970s] Invoked command in '/home/minhdiem/Do an da nganh/controlRobotBlockly-main/Backend/ros2_ws/build/turtlesim' returned '0': CMAKE_PREFIX_PATH=${CMAKE_PREFIX_PATH}:/opt/ros/humble /usr/bin/cmake --build /home/minhdiem/Do an da nganh/controlRobotBlockly-main/Backend/ros2_ws/build/turtlesim -- -j4 -l4
[74.099s] Invoking command in '/home/minhdiem/Do an da nganh/controlRobotBlockly-main/Backend/ros2_ws/build/turtlesim': CMAKE_PREFIX_PATH=${CMAKE_PREFIX_PATH}:/opt/ros/humble /usr/bin/cmake --install /home/minhdiem/Do an da nganh/controlRobotBlockly-main/Backend/ros2_ws/build/turtlesim
[74.112s] -- Install configuration: ""
[74.113s] -- Installing: /home/minhdiem/Do an da nganh/controlRobotBlockly-main/Backend/ros2_ws/install/turtlesim/share/ament_index/resource_index/rosidl_interfaces/turtlesim
[74.113s] -- Installing: /home/minhdiem/Do an da nganh/controlRobotBlockly-main/Backend/ros2_ws/install/turtlesim/include/turtlesim/turtlesim
[74.114s] -- Installing: /home/minhdiem/Do an da nganh/controlRobotBlockly-main/Backend/ros2_ws/install/turtlesim/include/turtlesim/turtlesim/srv
[74.114s] -- Installing: /home/minhdiem/Do an da nganh/controlRobotBlockly-main/Backend/ros2_ws/install/turtlesim/include/turtlesim/turtlesim/srv/teleport_absolute.h
[74.114s] -- Installing: /home/minhdiem/Do an da nganh/controlRobotBlockly-main/Backend/ros2_ws/install/turtlesim/include/turtlesim/turtlesim/srv/spawn.h
[74.115s] -- Installing: /home/minhdiem/Do an da nganh/controlRobotBlockly-main/Backend/ros2_ws/install/turtlesim/include/turtlesim/turtlesim/srv/set_pen.h
[74.115s] -- Installing: /home/minhdiem/Do an da nganh/controlRobotBlockly-main/Backend/ros2_ws/install/turtlesim/include/turtlesim/turtlesim/srv/kill.h
[74.116s] -- Installing: /home/minhdiem/Do an da nganh/controlRobotBlockly-main/Backend/ros2_ws/install/turtlesim/include/turtlesim/turtlesim/srv/detail
[74.116s] -- Installing: /home/minhdiem/Do an da nganh/controlRobotBlockly-main/Backend/ros2_ws/install/turtlesim/include/turtlesim/turtlesim/srv/detail/set_pen__functions.c
[74.116s] -- Installing: /home/minhdiem/Do an da nganh/controlRobotBlockly-main/Backend/ros2_ws/install/turtlesim/include/turtlesim/turtlesim/srv/detail/teleport_absolute__type_support.h
[74.116s] -- Installing: /home/minhdiem/Do an da nganh/controlRobotBlockly-main/Backend/ros2_ws/install/turtlesim/include/turtlesim/turtlesim/srv/detail/teleport_relative__struct.h
[74.116s] -- Installing: /home/minhdiem/Do an da nganh/controlRobotBlockly-main/Backend/ros2_ws/install/turtlesim/include/turtlesim/turtlesim/srv/detail/set_pen__functions.h
[74.116s] -- Installing: /home/minhdiem/Do an da nganh/controlRobotBlockly-main/Backend/ros2_ws/install/turtlesim/include/turtlesim/turtlesim/srv/detail/teleport_relative__functions.c
[74.117s] -- Installing: /home/minhdiem/Do an da nganh/controlRobotBlockly-main/Backend/ros2_ws/install/turtlesim/include/turtlesim/turtlesim/srv/detail/kill__struct.h
[74.117s] -- Installing: /home/minhdiem/Do an da nganh/controlRobotBlockly-main/Backend/ros2_ws/install/turtlesim/include/turtlesim/turtlesim/srv/detail/teleport_absolute__functions.c
[74.117s] -- Installing: /home/minhdiem/Do an da nganh/controlRobotBlockly-main/Backend/ros2_ws/install/turtlesim/include/turtlesim/turtlesim/srv/detail/teleport_absolute__functions.h
[74.117s] -- Installing: /home/minhdiem/Do an da nganh/controlRobotBlockly-main/Backend/ros2_ws/install/turtlesim/include/turtlesim/turtlesim/srv/detail/kill__type_support.h
[74.117s] -- Installing: /home/minhdiem/Do an da nganh/controlRobotBlockly-main/Backend/ros2_ws/install/turtlesim/include/turtlesim/turtlesim/srv/detail/teleport_relative__type_support.h
[74.117s] -- Installing: /home/minhdiem/Do an da nganh/controlRobotBlockly-main/Backend/ros2_ws/install/turtlesim/include/turtlesim/turtlesim/srv/detail/teleport_relative__functions.h
[74.118s] -- Installing: /home/minhdiem/Do an da nganh/controlRobotBlockly-main/Backend/ros2_ws/install/turtlesim/include/turtlesim/turtlesim/srv/detail/set_pen__type_support.h
[74.118s] -- Installing: /home/minhdiem/Do an da nganh/controlRobotBlockly-main/Backend/ros2_ws/install/turtlesim/include/turtlesim/turtlesim/srv/detail/spawn__type_support.h
[74.118s] -- Installing: /home/minhdiem/Do an da nganh/controlRobotBlockly-main/Backend/ros2_ws/install/turtlesim/include/turtlesim/turtlesim/srv/detail/set_pen__struct.h
[74.118s] -- Installing: /home/minhdiem/Do an da nganh/controlRobotBlockly-main/Backend/ros2_ws/install/turtlesim/include/turtlesim/turtlesim/srv/detail/kill__functions.h
[74.118s] -- Installing: /home/minhdiem/Do an da nganh/controlRobotBlockly-main/Backend/ros2_ws/install/turtlesim/include/turtlesim/turtlesim/srv/detail/spawn__functions.h
[74.119s] -- Installing: /home/minhdiem/Do an da nganh/controlRobotBlockly-main/Backend/ros2_ws/install/turtlesim/include/turtlesim/turtlesim/srv/detail/teleport_absolute__struct.h
[74.119s] -- Installing: /home/minhdiem/Do an da nganh/controlRobotBlockly-main/Backend/ros2_ws/install/turtlesim/include/turtlesim/turtlesim/srv/detail/spawn__struct.h
[74.120s] -- Installing: /home/minhdiem/Do an da nganh/controlRobotBlockly-main/Backend/ros2_ws/install/turtlesim/include/turtlesim/turtlesim/srv/detail/spawn__functions.c
[74.120s] -- Installing: /home/minhdiem/Do an da nganh/controlRobotBlockly-main/Backend/ros2_ws/install/turtlesim/include/turtlesim/turtlesim/srv/detail/kill__functions.c
[74.120s] -- Installing: /home/minhdiem/Do an da nganh/controlRobotBlockly-main/Backend/ros2_ws/install/turtlesim/include/turtlesim/turtlesim/srv/teleport_relative.h
[74.120s] -- Installing: /home/minhdiem/Do an da nganh/controlRobotBlockly-main/Backend/ros2_ws/install/turtlesim/include/turtlesim/turtlesim/msg
[74.120s] -- Installing: /home/minhdiem/Do an da nganh/controlRobotBlockly-main/Backend/ros2_ws/install/turtlesim/include/turtlesim/turtlesim/msg/color.h
[74.120s] -- Installing: /home/minhdiem/Do an da nganh/controlRobotBlockly-main/Backend/ros2_ws/install/turtlesim/include/turtlesim/turtlesim/msg/rosidl_generator_c__visibility_control.h
[74.121s] -- Installing: /home/minhdiem/Do an da nganh/controlRobotBlockly-main/Backend/ros2_ws/install/turtlesim/include/turtlesim/turtlesim/msg/pose.h
[74.121s] -- Installing: /home/minhdiem/Do an da nganh/controlRobotBlockly-main/Backend/ros2_ws/install/turtlesim/include/turtlesim/turtlesim/msg/detail
[74.121s] -- Installing: /home/minhdiem/Do an da nganh/controlRobotBlockly-main/Backend/ros2_ws/install/turtlesim/include/turtlesim/turtlesim/msg/detail/color__struct.h
[74.121s] -- Installing: /home/minhdiem/Do an da nganh/controlRobotBlockly-main/Backend/ros2_ws/install/turtlesim/include/turtlesim/turtlesim/msg/detail/pose__functions.h
[74.121s] -- Installing: /home/minhdiem/Do an da nganh/controlRobotBlockly-main/Backend/ros2_ws/install/turtlesim/include/turtlesim/turtlesim/msg/detail/color__functions.h
[74.121s] -- Installing: /home/minhdiem/Do an da nganh/controlRobotBlockly-main/Backend/ros2_ws/install/turtlesim/include/turtlesim/turtlesim/msg/detail/pose__struct.h
[74.121s] -- Installing: /home/minhdiem/Do an da nganh/controlRobotBlockly-main/Backend/ros2_ws/install/turtlesim/include/turtlesim/turtlesim/msg/detail/pose__functions.c
[74.121s] -- Installing: /home/minhdiem/Do an da nganh/controlRobotBlockly-main/Backend/ros2_ws/install/turtlesim/include/turtlesim/turtlesim/msg/detail/pose__type_support.h
[74.121s] -- Installing: /home/minhdiem/Do an da nganh/controlRobotBlockly-main/Backend/ros2_ws/install/turtlesim/include/turtlesim/turtlesim/msg/detail/color__functions.c
[74.121s] -- Installing: /home/minhdiem/Do an da nganh/controlRobotBlockly-main/Backend/ros2_ws/install/turtlesim/include/turtlesim/turtlesim/msg/detail/color__type_support.h
[74.121s] -- Installing: /home/minhdiem/Do an da nganh/controlRobotBlockly-main/Backend/ros2_ws/install/turtlesim/include/turtlesim/turtlesim/action
[74.121s] -- Installing: /home/minhdiem/Do an da nganh/controlRobotBlockly-main/Backend/ros2_ws/install/turtlesim/include/turtlesim/turtlesim/action/rotate_absolute.h
[74.121s] -- Installing: /home/minhdiem/Do an da nganh/controlRobotBlockly-main/Backend/ros2_ws/install/turtlesim/include/turtlesim/turtlesim/action/detail
[74.122s] -- Installing: /home/minhdiem/Do an da nganh/controlRobotBlockly-main/Backend/ros2_ws/install/turtlesim/include/turtlesim/turtlesim/action/detail/rotate_absolute__struct.h
[74.122s] -- Installing: /home/minhdiem/Do an da nganh/controlRobotBlockly-main/Backend/ros2_ws/install/turtlesim/include/turtlesim/turtlesim/action/detail/rotate_absolute__functions.c
[74.122s] -- Installing: /home/minhdiem/Do an da nganh/controlRobotBlockly-main/Backend/ros2_ws/install/turtlesim/include/turtlesim/turtlesim/action/detail/rotate_absolute__type_support.h
[74.122s] -- Installing: /home/minhdiem/Do an da nganh/controlRobotBlockly-main/Backend/ros2_ws/install/turtlesim/include/turtlesim/turtlesim/action/detail/rotate_absolute__functions.h
[74.122s] -- Installing: /home/minhdiem/Do an da nganh/controlRobotBlockly-main/Backend/ros2_ws/install/turtlesim/share/turtlesim/environment/library_path.sh
[74.123s] -- Installing: /home/minhdiem/Do an da nganh/controlRobotBlockly-main/Backend/ros2_ws/install/turtlesim/share/turtlesim/environment/library_path.dsv
[74.124s] -- Installing: /home/minhdiem/Do an da nganh/controlRobotBlockly-main/Backend/ros2_ws/install/turtlesim/lib/libturtlesim__rosidl_generator_c.so
[74.124s] -- Set runtime path of "/home/minhdiem/Do an da nganh/controlRobotBlockly-main/Backend/ros2_ws/install/turtlesim/lib/libturtlesim__rosidl_generator_c.so" to ""
[74.124s] -- Up-to-date: /home/minhdiem/Do an da nganh/controlRobotBlockly-main/Backend/ros2_ws/install/turtlesim/include/turtlesim/turtlesim
[74.125s] -- Up-to-date: /home/minhdiem/Do an da nganh/controlRobotBlockly-main/Backend/ros2_ws/install/turtlesim/include/turtlesim/turtlesim/srv
[74.125s] -- Up-to-date: /home/minhdiem/Do an da nganh/controlRobotBlockly-main/Backend/ros2_ws/install/turtlesim/include/turtlesim/turtlesim/srv/detail
[74.125s] -- Installing: /home/minhdiem/Do an da nganh/controlRobotBlockly-main/Backend/ros2_ws/install/turtlesim/include/turtlesim/turtlesim/srv/detail/set_pen__rosidl_typesupport_fastrtps_c.h
[74.125s] -- Installing: /home/minhdiem/Do an da nganh/controlRobotBlockly-main/Backend/ros2_ws/install/turtlesim/include/turtlesim/turtlesim/srv/detail/spawn__rosidl_typesupport_fastrtps_c.h
[74.125s] -- Installing: /home/minhdiem/Do an da nganh/controlRobotBlockly-main/Backend/ros2_ws/install/turtlesim/include/turtlesim/turtlesim/srv/detail/teleport_absolute__rosidl_typesupport_fastrtps_c.h
[74.125s] -- Installing: /home/minhdiem/Do an da nganh/controlRobotBlockly-main/Backend/ros2_ws/install/turtlesim/include/turtlesim/turtlesim/srv/detail/teleport_relative__rosidl_typesupport_fastrtps_c.h
[74.125s] -- Installing: /home/minhdiem/Do an da nganh/controlRobotBlockly-main/Backend/ros2_ws/install/turtlesim/include/turtlesim/turtlesim/srv/detail/kill__rosidl_typesupport_fastrtps_c.h
[74.125s] -- Up-to-date: /home/minhdiem/Do an da nganh/controlRobotBlockly-main/Backend/ros2_ws/install/turtlesim/include/turtlesim/turtlesim/msg
[74.126s] -- Installing: /home/minhdiem/Do an da nganh/controlRobotBlockly-main/Backend/ros2_ws/install/turtlesim/include/turtlesim/turtlesim/msg/rosidl_typesupport_fastrtps_c__visibility_control.h
[74.126s] -- Up-to-date: /home/minhdiem/Do an da nganh/controlRobotBlockly-main/Backend/ros2_ws/install/turtlesim/include/turtlesim/turtlesim/msg/detail
[74.126s] -- Installing: /home/minhdiem/Do an da nganh/controlRobotBlockly-main/Backend/ros2_ws/install/turtlesim/include/turtlesim/turtlesim/msg/detail/pose__rosidl_typesupport_fastrtps_c.h
[74.126s] -- Installing: /home/minhdiem/Do an da nganh/controlRobotBlockly-main/Backend/ros2_ws/install/turtlesim/include/turtlesim/turtlesim/msg/detail/color__rosidl_typesupport_fastrtps_c.h
[74.126s] -- Up-to-date: /home/minhdiem/Do an da nganh/controlRobotBlockly-main/Backend/ros2_ws/install/turtlesim/include/turtlesim/turtlesim/action
[74.127s] -- Up-to-date: /home/minhdiem/Do an da nganh/controlRobotBlockly-main/Backend/ros2_ws/install/turtlesim/include/turtlesim/turtlesim/action/detail
[74.127s] -- Installing: /home/minhdiem/Do an da nganh/controlRobotBlockly-main/Backend/ros2_ws/install/turtlesim/include/turtlesim/turtlesim/action/detail/rotate_absolute__rosidl_typesupport_fastrtps_c.h
[74.127s] -- Installing: /home/minhdiem/Do an da nganh/controlRobotBlockly-main/Backend/ros2_ws/install/turtlesim/lib/libturtlesim__rosidl_typesupport_fastrtps_c.so
[74.127s] -- Set runtime path of "/home/minhdiem/Do an da nganh/controlRobotBlockly-main/Backend/ros2_ws/install/turtlesim/lib/libturtlesim__rosidl_typesupport_fastrtps_c.so" to ""
[74.127s] -- Up-to-date: /home/minhdiem/Do an da nganh/controlRobotBlockly-main/Backend/ros2_ws/install/turtlesim/include/turtlesim/turtlesim
[74.127s] -- Up-to-date: /home/minhdiem/Do an da nganh/controlRobotBlockly-main/Backend/ros2_ws/install/turtlesim/include/turtlesim/turtlesim/srv
[74.127s] -- Installing: /home/minhdiem/Do an da nganh/controlRobotBlockly-main/Backend/ros2_ws/install/turtlesim/include/turtlesim/turtlesim/srv/teleport_relative.hpp
[74.128s] -- Installing: /home/minhdiem/Do an da nganh/controlRobotBlockly-main/Backend/ros2_ws/install/turtlesim/include/turtlesim/turtlesim/srv/set_pen.hpp
[74.128s] -- Installing: /home/minhdiem/Do an da nganh/controlRobotBlockly-main/Backend/ros2_ws/install/turtlesim/include/turtlesim/turtlesim/srv/teleport_absolute.hpp
[74.128s] -- Installing: /home/minhdiem/Do an da nganh/controlRobotBlockly-main/Backend/ros2_ws/install/turtlesim/include/turtlesim/turtlesim/srv/spawn.hpp
[74.128s] -- Installing: /home/minhdiem/Do an da nganh/controlRobotBlockly-main/Backend/ros2_ws/install/turtlesim/include/turtlesim/turtlesim/srv/kill.hpp
[74.130s] -- Up-to-date: /home/minhdiem/Do an da nganh/controlRobotBlockly-main/Backend/ros2_ws/install/turtlesim/include/turtlesim/turtlesim/srv/detail
[74.130s] -- Installing: /home/minhdiem/Do an da nganh/controlRobotBlockly-main/Backend/ros2_ws/install/turtlesim/include/turtlesim/turtlesim/srv/detail/kill__builder.hpp
[74.130s] -- Installing: /home/minhdiem/Do an da nganh/controlRobotBlockly-main/Backend/ros2_ws/install/turtlesim/include/turtlesim/turtlesim/srv/detail/teleport_absolute__struct.hpp
[74.130s] -- Installing: /home/minhdiem/Do an da nganh/controlRobotBlockly-main/Backend/ros2_ws/install/turtlesim/include/turtlesim/turtlesim/srv/detail/set_pen__builder.hpp
[74.130s] -- Installing: /home/minhdiem/Do an da nganh/controlRobotBlockly-main/Backend/ros2_ws/install/turtlesim/include/turtlesim/turtlesim/srv/detail/kill__struct.hpp
[74.131s] -- Installing: /home/minhdiem/Do an da nganh/controlRobotBlockly-main/Backend/ros2_ws/install/turtlesim/include/turtlesim/turtlesim/srv/detail/teleport_relative__traits.hpp
[74.131s] -- Installing: /home/minhdiem/Do an da nganh/controlRobotBlockly-main/Backend/ros2_ws/install/turtlesim/include/turtlesim/turtlesim/srv/detail/set_pen__traits.hpp
[74.131s] -- Installing: /home/minhdiem/Do an da nganh/controlRobotBlockly-main/Backend/ros2_ws/install/turtlesim/include/turtlesim/turtlesim/srv/detail/spawn__builder.hpp
[74.131s] -- Installing: /home/minhdiem/Do an da nganh/controlRobotBlockly-main/Backend/ros2_ws/install/turtlesim/include/turtlesim/turtlesim/srv/detail/set_pen__struct.hpp
[74.131s] -- Installing: /home/minhdiem/Do an da nganh/controlRobotBlockly-main/Backend/ros2_ws/install/turtlesim/include/turtlesim/turtlesim/srv/detail/teleport_relative__builder.hpp
[74.131s] -- Installing: /home/minhdiem/Do an da nganh/controlRobotBlockly-main/Backend/ros2_ws/install/turtlesim/include/turtlesim/turtlesim/srv/detail/spawn__traits.hpp
[74.131s] -- Installing: /home/minhdiem/Do an da nganh/controlRobotBlockly-main/Backend/ros2_ws/install/turtlesim/include/turtlesim/turtlesim/srv/detail/kill__traits.hpp
[74.131s] -- Installing: /home/minhdiem/Do an da nganh/controlRobotBlockly-main/Backend/ros2_ws/install/turtlesim/include/turtlesim/turtlesim/srv/detail/teleport_absolute__traits.hpp
[74.131s] -- Installing: /home/minhdiem/Do an da nganh/controlRobotBlockly-main/Backend/ros2_ws/install/turtlesim/include/turtlesim/turtlesim/srv/detail/spawn__struct.hpp
[74.131s] -- Installing: /home/minhdiem/Do an da nganh/controlRobotBlockly-main/Backend/ros2_ws/install/turtlesim/include/turtlesim/turtlesim/srv/detail/teleport_absolute__builder.hpp
[74.131s] -- Installing: /home/minhdiem/Do an da nganh/controlRobotBlockly-main/Backend/ros2_ws/install/turtlesim/include/turtlesim/turtlesim/srv/detail/teleport_relative__struct.hpp
[74.131s] -- Up-to-date: /home/minhdiem/Do an da nganh/controlRobotBlockly-main/Backend/ros2_ws/install/turtlesim/include/turtlesim/turtlesim/msg
[74.131s] -- Installing: /home/minhdiem/Do an da nganh/controlRobotBlockly-main/Backend/ros2_ws/install/turtlesim/include/turtlesim/turtlesim/msg/pose.hpp
[74.131s] -- Installing: /home/minhdiem/Do an da nganh/controlRobotBlockly-main/Backend/ros2_ws/install/turtlesim/include/turtlesim/turtlesim/msg/color.hpp
[74.131s] -- Up-to-date: /home/minhdiem/Do an da nganh/controlRobotBlockly-main/Backend/ros2_ws/install/turtlesim/include/turtlesim/turtlesim/msg/detail
[74.131s] -- Installing: /home/minhdiem/Do an da nganh/controlRobotBlockly-main/Backend/ros2_ws/install/turtlesim/include/turtlesim/turtlesim/msg/detail/color__struct.hpp
[74.131s] -- Installing: /home/minhdiem/Do an da nganh/controlRobotBlockly-main/Backend/ros2_ws/install/turtlesim/include/turtlesim/turtlesim/msg/detail/pose__builder.hpp
[74.131s] -- Installing: /home/minhdiem/Do an da nganh/controlRobotBlockly-main/Backend/ros2_ws/install/turtlesim/include/turtlesim/turtlesim/msg/detail/pose__struct.hpp
[74.132s] -- Installing: /home/minhdiem/Do an da nganh/controlRobotBlockly-main/Backend/ros2_ws/install/turtlesim/include/turtlesim/turtlesim/msg/detail/color__builder.hpp
[74.132s] -- Installing: /home/minhdiem/Do an da nganh/controlRobotBlockly-main/Backend/ros2_ws/install/turtlesim/include/turtlesim/turtlesim/msg/detail/pose__traits.hpp
[74.132s] -- Installing: /home/minhdiem/Do an da nganh/controlRobotBlockly-main/Backend/ros2_ws/install/turtlesim/include/turtlesim/turtlesim/msg/detail/color__traits.hpp
[74.132s] -- Up-to-date: /home/minhdiem/Do an da nganh/controlRobotBlockly-main/Backend/ros2_ws/install/turtlesim/include/turtlesim/turtlesim/action
[74.132s] -- Installing: /home/minhdiem/Do an da nganh/controlRobotBlockly-main/Backend/ros2_ws/install/turtlesim/include/turtlesim/turtlesim/action/rotate_absolute.hpp
[74.132s] -- Up-to-date: /home/minhdiem/Do an da nganh/controlRobotBlockly-main/Backend/ros2_ws/install/turtlesim/include/turtlesim/turtlesim/action/detail
[74.132s] -- Installing: /home/minhdiem/Do an da nganh/controlRobotBlockly-main/Backend/ros2_ws/install/turtlesim/include/turtlesim/turtlesim/action/detail/rotate_absolute__struct.hpp
[74.132s] -- Installing: /home/minhdiem/Do an da nganh/controlRobotBlockly-main/Backend/ros2_ws/install/turtlesim/include/turtlesim/turtlesim/action/detail/rotate_absolute__traits.hpp
[74.132s] -- Installing: /home/minhdiem/Do an da nganh/controlRobotBlockly-main/Backend/ros2_ws/install/turtlesim/include/turtlesim/turtlesim/action/detail/rotate_absolute__builder.hpp
[74.132s] -- Up-to-date: /home/minhdiem/Do an da nganh/controlRobotBlockly-main/Backend/ros2_ws/install/turtlesim/include/turtlesim/turtlesim
[74.132s] -- Up-to-date: /home/minhdiem/Do an da nganh/controlRobotBlockly-main/Backend/ros2_ws/install/turtlesim/include/turtlesim/turtlesim/srv
[74.132s] -- Up-to-date: /home/minhdiem/Do an da nganh/controlRobotBlockly-main/Backend/ros2_ws/install/turtlesim/include/turtlesim/turtlesim/srv/detail
[74.132s] -- Installing: /home/minhdiem/Do an da nganh/controlRobotBlockly-main/Backend/ros2_ws/install/turtlesim/include/turtlesim/turtlesim/srv/detail/spawn__rosidl_typesupport_fastrtps_cpp.hpp
[74.150s] -- Installing: /home/minhdiem/Do an da nganh/controlRobotBlockly-main/Backend/ros2_ws/install/turtlesim/include/turtlesim/turtlesim/srv/detail/teleport_absolute__rosidl_typesupport_fastrtps_cpp.hpp
[74.150s] -- Installing: /home/minhdiem/Do an da nganh/controlRobotBlockly-main/Backend/ros2_ws/install/turtlesim/include/turtlesim/turtlesim/srv/detail/dds_fastrtps
[74.150s] -- Installing: /home/minhdiem/Do an da nganh/controlRobotBlockly-main/Backend/ros2_ws/install/turtlesim/include/turtlesim/turtlesim/srv/detail/kill__rosidl_typesupport_fastrtps_cpp.hpp
[74.151s] -- Installing: /home/minhdiem/Do an da nganh/controlRobotBlockly-main/Backend/ros2_ws/install/turtlesim/include/turtlesim/turtlesim/srv/detail/set_pen__rosidl_typesupport_fastrtps_cpp.hpp
[74.151s] -- Installing: /home/minhdiem/Do an da nganh/controlRobotBlockly-main/Backend/ros2_ws/install/turtlesim/include/turtlesim/turtlesim/srv/detail/teleport_relative__rosidl_typesupport_fastrtps_cpp.hpp
[74.151s] -- Up-to-date: /home/minhdiem/Do an da nganh/controlRobotBlockly-main/Backend/ros2_ws/install/turtlesim/include/turtlesim/turtlesim/msg
[74.151s] -- Installing: /home/minhdiem/Do an da nganh/controlRobotBlockly-main/Backend/ros2_ws/install/turtlesim/include/turtlesim/turtlesim/msg/rosidl_typesupport_fastrtps_cpp__visibility_control.h
[74.151s] -- Up-to-date: /home/minhdiem/Do an da nganh/controlRobotBlockly-main/Backend/ros2_ws/install/turtlesim/include/turtlesim/turtlesim/msg/detail
[74.151s] -- Installing: /home/minhdiem/Do an da nganh/controlRobotBlockly-main/Backend/ros2_ws/install/turtlesim/include/turtlesim/turtlesim/msg/detail/color__rosidl_typesupport_fastrtps_cpp.hpp
[74.152s] -- Installing: /home/minhdiem/Do an da nganh/controlRobotBlockly-main/Backend/ros2_ws/install/turtlesim/include/turtlesim/turtlesim/msg/detail/dds_fastrtps
[74.152s] -- Installing: /home/minhdiem/Do an da nganh/controlRobotBlockly-main/Backend/ros2_ws/install/turtlesim/include/turtlesim/turtlesim/msg/detail/pose__rosidl_typesupport_fastrtps_cpp.hpp
[74.152s] -- Up-to-date: /home/minhdiem/Do an da nganh/controlRobotBlockly-main/Backend/ros2_ws/install/turtlesim/include/turtlesim/turtlesim/action
[74.153s] -- Up-to-date: /home/minhdiem/Do an da nganh/controlRobotBlockly-main/Backend/ros2_ws/install/turtlesim/include/turtlesim/turtlesim/action/detail
[74.153s] -- Installing: /home/minhdiem/Do an da nganh/controlRobotBlockly-main/Backend/ros2_ws/install/turtlesim/include/turtlesim/turtlesim/action/detail/dds_fastrtps
[74.154s] -- Installing: /home/minhdiem/Do an da nganh/controlRobotBlockly-main/Backend/ros2_ws/install/turtlesim/include/turtlesim/turtlesim/action/detail/rotate_absolute__rosidl_typesupport_fastrtps_cpp.hpp
[74.154s] -- Installing: /home/minhdiem/Do an da nganh/controlRobotBlockly-main/Backend/ros2_ws/install/turtlesim/lib/libturtlesim__rosidl_typesupport_fastrtps_cpp.so
[74.155s] -- Set runtime path of "/home/minhdiem/Do an da nganh/controlRobotBlockly-main/Backend/ros2_ws/install/turtlesim/lib/libturtlesim__rosidl_typesupport_fastrtps_cpp.so" to ""
[74.155s] -- Up-to-date: /home/minhdiem/Do an da nganh/controlRobotBlockly-main/Backend/ros2_ws/install/turtlesim/include/turtlesim/turtlesim
[74.155s] -- Up-to-date: /home/minhdiem/Do an da nganh/controlRobotBlockly-main/Backend/ros2_ws/install/turtlesim/include/turtlesim/turtlesim/srv
[74.156s] -- Up-to-date: /home/minhdiem/Do an da nganh/controlRobotBlockly-main/Backend/ros2_ws/install/turtlesim/include/turtlesim/turtlesim/srv/detail
[74.156s] -- Installing: /home/minhdiem/Do an da nganh/controlRobotBlockly-main/Backend/ros2_ws/install/turtlesim/include/turtlesim/turtlesim/srv/detail/teleport_absolute__type_support.c
[74.156s] -- Installing: /home/minhdiem/Do an da nganh/controlRobotBlockly-main/Backend/ros2_ws/install/turtlesim/include/turtlesim/turtlesim/srv/detail/kill__type_support.c
[74.157s] -- Installing: /home/minhdiem/Do an da nganh/controlRobotBlockly-main/Backend/ros2_ws/install/turtlesim/include/turtlesim/turtlesim/srv/detail/set_pen__type_support.c
[74.157s] -- Installing: /home/minhdiem/Do an da nganh/controlRobotBlockly-main/Backend/ros2_ws/install/turtlesim/include/turtlesim/turtlesim/srv/detail/spawn__rosidl_typesupport_introspection_c.h
[74.158s] -- Installing: /home/minhdiem/Do an da nganh/controlRobotBlockly-main/Backend/ros2_ws/install/turtlesim/include/turtlesim/turtlesim/srv/detail/teleport_relative__rosidl_typesupport_introspection_c.h
[74.158s] -- Installing: /home/minhdiem/Do an da nganh/controlRobotBlockly-main/Backend/ros2_ws/install/turtlesim/include/turtlesim/turtlesim/srv/detail/kill__rosidl_typesupport_introspection_c.h
[74.158s] -- Installing: /home/minhdiem/Do an da nganh/controlRobotBlockly-main/Backend/ros2_ws/install/turtlesim/include/turtlesim/turtlesim/srv/detail/teleport_absolute__rosidl_typesupport_introspection_c.h
[74.161s] -- Installing: /home/minhdiem/Do an da nganh/controlRobotBlockly-main/Backend/ros2_ws/install/turtlesim/include/turtlesim/turtlesim/srv/detail/teleport_relative__type_support.c
[74.161s] -- Installing: /home/minhdiem/Do an da nganh/controlRobotBlockly-main/Backend/ros2_ws/install/turtlesim/include/turtlesim/turtlesim/srv/detail/set_pen__rosidl_typesupport_introspection_c.h
[74.161s] -- Installing: /home/minhdiem/Do an da nganh/controlRobotBlockly-main/Backend/ros2_ws/install/turtlesim/include/turtlesim/turtlesim/srv/detail/spawn__type_support.c
[74.161s] -- Up-to-date: /home/minhdiem/Do an da nganh/controlRobotBlockly-main/Backend/ros2_ws/install/turtlesim/include/turtlesim/turtlesim/msg
[74.161s] -- Installing: /home/minhdiem/Do an da nganh/controlRobotBlockly-main/Backend/ros2_ws/install/turtlesim/include/turtlesim/turtlesim/msg/rosidl_typesupport_introspection_c__visibility_control.h
[74.161s] -- Up-to-date: /home/minhdiem/Do an da nganh/controlRobotBlockly-main/Backend/ros2_ws/install/turtlesim/include/turtlesim/turtlesim/msg/detail
[74.161s] -- Installing: /home/minhdiem/Do an da nganh/controlRobotBlockly-main/Backend/ros2_ws/install/turtlesim/include/turtlesim/turtlesim/msg/detail/pose__type_support.c
[74.162s] -- Installing: /home/minhdiem/Do an da nganh/controlRobotBlockly-main/Backend/ros2_ws/install/turtlesim/include/turtlesim/turtlesim/msg/detail/color__type_support.c
[74.162s] -- Installing: /home/minhdiem/Do an da nganh/controlRobotBlockly-main/Backend/ros2_ws/install/turtlesim/include/turtlesim/turtlesim/msg/detail/color__rosidl_typesupport_introspection_c.h
[74.162s] -- Installing: /home/minhdiem/Do an da nganh/controlRobotBlockly-main/Backend/ros2_ws/install/turtlesim/include/turtlesim/turtlesim/msg/detail/pose__rosidl_typesupport_introspection_c.h
[74.162s] -- Up-to-date: /home/minhdiem/Do an da nganh/controlRobotBlockly-main/Backend/ros2_ws/install/turtlesim/include/turtlesim/turtlesim/action
[74.162s] -- Up-to-date: /home/minhdiem/Do an da nganh/controlRobotBlockly-main/Backend/ros2_ws/install/turtlesim/include/turtlesim/turtlesim/action/detail
[74.162s] -- Installing: /home/minhdiem/Do an da nganh/controlRobotBlockly-main/Backend/ros2_ws/install/turtlesim/include/turtlesim/turtlesim/action/detail/rotate_absolute__rosidl_typesupport_introspection_c.h
[74.162s] -- Installing: /home/minhdiem/Do an da nganh/controlRobotBlockly-main/Backend/ros2_ws/install/turtlesim/include/turtlesim/turtlesim/action/detail/rotate_absolute__type_support.c
[74.162s] -- Installing: /home/minhdiem/Do an da nganh/controlRobotBlockly-main/Backend/ros2_ws/install/turtlesim/lib/libturtlesim__rosidl_typesupport_introspection_c.so
[74.162s] -- Set runtime path of "/home/minhdiem/Do an da nganh/controlRobotBlockly-main/Backend/ros2_ws/install/turtlesim/lib/libturtlesim__rosidl_typesupport_introspection_c.so" to ""
[74.162s] -- Installing: /home/minhdiem/Do an da nganh/controlRobotBlockly-main/Backend/ros2_ws/install/turtlesim/lib/libturtlesim__rosidl_typesupport_c.so
[74.162s] -- Set runtime path of "/home/minhdiem/Do an da nganh/controlRobotBlockly-main/Backend/ros2_ws/install/turtlesim/lib/libturtlesim__rosidl_typesupport_c.so" to ""
[74.162s] -- Up-to-date: /home/minhdiem/Do an da nganh/controlRobotBlockly-main/Backend/ros2_ws/install/turtlesim/include/turtlesim/turtlesim
[74.163s] -- Up-to-date: /home/minhdiem/Do an da nganh/controlRobotBlockly-main/Backend/ros2_ws/install/turtlesim/include/turtlesim/turtlesim/srv
[74.163s] -- Up-to-date: /home/minhdiem/Do an da nganh/controlRobotBlockly-main/Backend/ros2_ws/install/turtlesim/include/turtlesim/turtlesim/srv/detail
[74.163s] -- Installing: /home/minhdiem/Do an da nganh/controlRobotBlockly-main/Backend/ros2_ws/install/turtlesim/include/turtlesim/turtlesim/srv/detail/spawn__type_support.cpp
[74.163s] -- Installing: /home/minhdiem/Do an da nganh/controlRobotBlockly-main/Backend/ros2_ws/install/turtlesim/include/turtlesim/turtlesim/srv/detail/kill__rosidl_typesupport_introspection_cpp.hpp
[74.163s] -- Installing: /home/minhdiem/Do an da nganh/controlRobotBlockly-main/Backend/ros2_ws/install/turtlesim/include/turtlesim/turtlesim/srv/detail/set_pen__type_support.cpp
[74.163s] -- Installing: /home/minhdiem/Do an da nganh/controlRobotBlockly-main/Backend/ros2_ws/install/turtlesim/include/turtlesim/turtlesim/srv/detail/teleport_relative__rosidl_typesupport_introspection_cpp.hpp
[74.163s] -- Installing: /home/minhdiem/Do an da nganh/controlRobotBlockly-main/Backend/ros2_ws/install/turtlesim/include/turtlesim/turtlesim/srv/detail/teleport_relative__type_support.cpp
[74.163s] -- Installing: /home/minhdiem/Do an da nganh/controlRobotBlockly-main/Backend/ros2_ws/install/turtlesim/include/turtlesim/turtlesim/srv/detail/teleport_absolute__rosidl_typesupport_introspection_cpp.hpp
[74.163s] -- Installing: /home/minhdiem/Do an da nganh/controlRobotBlockly-main/Backend/ros2_ws/install/turtlesim/include/turtlesim/turtlesim/srv/detail/teleport_absolute__type_support.cpp
[74.163s] -- Installing: /home/minhdiem/Do an da nganh/controlRobotBlockly-main/Backend/ros2_ws/install/turtlesim/include/turtlesim/turtlesim/srv/detail/spawn__rosidl_typesupport_introspection_cpp.hpp
[74.163s] -- Installing: /home/minhdiem/Do an da nganh/controlRobotBlockly-main/Backend/ros2_ws/install/turtlesim/include/turtlesim/turtlesim/srv/detail/set_pen__rosidl_typesupport_introspection_cpp.hpp
[74.163s] -- Installing: /home/minhdiem/Do an da nganh/controlRobotBlockly-main/Backend/ros2_ws/install/turtlesim/include/turtlesim/turtlesim/srv/detail/kill__type_support.cpp
[74.163s] -- Up-to-date: /home/minhdiem/Do an da nganh/controlRobotBlockly-main/Backend/ros2_ws/install/turtlesim/include/turtlesim/turtlesim/msg
[74.163s] -- Up-to-date: /home/minhdiem/Do an da nganh/controlRobotBlockly-main/Backend/ros2_ws/install/turtlesim/include/turtlesim/turtlesim/msg/detail
[74.163s] -- Installing: /home/minhdiem/Do an da nganh/controlRobotBlockly-main/Backend/ros2_ws/install/turtlesim/include/turtlesim/turtlesim/msg/detail/color__rosidl_typesupport_introspection_cpp.hpp
[74.163s] -- Installing: /home/minhdiem/Do an da nganh/controlRobotBlockly-main/Backend/ros2_ws/install/turtlesim/include/turtlesim/turtlesim/msg/detail/pose__rosidl_typesupport_introspection_cpp.hpp
[74.163s] -- Installing: /home/minhdiem/Do an da nganh/controlRobotBlockly-main/Backend/ros2_ws/install/turtlesim/include/turtlesim/turtlesim/msg/detail/color__type_support.cpp
[74.164s] -- Installing: /home/minhdiem/Do an da nganh/controlRobotBlockly-main/Backend/ros2_ws/install/turtlesim/include/turtlesim/turtlesim/msg/detail/pose__type_support.cpp
[74.164s] -- Up-to-date: /home/minhdiem/Do an da nganh/controlRobotBlockly-main/Backend/ros2_ws/install/turtlesim/include/turtlesim/turtlesim/action
[74.164s] -- Up-to-date: /home/minhdiem/Do an da nganh/controlRobotBlockly-main/Backend/ros2_ws/install/turtlesim/include/turtlesim/turtlesim/action/detail
[74.164s] -- Installing: /home/minhdiem/Do an da nganh/controlRobotBlockly-main/Backend/ros2_ws/install/turtlesim/include/turtlesim/turtlesim/action/detail/rotate_absolute__rosidl_typesupport_introspection_cpp.hpp
[74.164s] -- Installing: /home/minhdiem/Do an da nganh/controlRobotBlockly-main/Backend/ros2_ws/install/turtlesim/include/turtlesim/turtlesim/action/detail/rotate_absolute__type_support.cpp
[74.164s] -- Installing: /home/minhdiem/Do an da nganh/controlRobotBlockly-main/Backend/ros2_ws/install/turtlesim/lib/libturtlesim__rosidl_typesupport_introspection_cpp.so
[74.164s] -- Set runtime path of "/home/minhdiem/Do an da nganh/controlRobotBlockly-main/Backend/ros2_ws/install/turtlesim/lib/libturtlesim__rosidl_typesupport_introspection_cpp.so" to ""
[74.164s] -- Installing: /home/minhdiem/Do an da nganh/controlRobotBlockly-main/Backend/ros2_ws/install/turtlesim/lib/libturtlesim__rosidl_typesupport_cpp.so
[74.164s] -- Set runtime path of "/home/minhdiem/Do an da nganh/controlRobotBlockly-main/Backend/ros2_ws/install/turtlesim/lib/libturtlesim__rosidl_typesupport_cpp.so" to ""
[74.164s] -- Installing: /home/minhdiem/Do an da nganh/controlRobotBlockly-main/Backend/ros2_ws/install/turtlesim/share/turtlesim/environment/pythonpath.sh
[74.164s] -- Installing: /home/minhdiem/Do an da nganh/controlRobotBlockly-main/Backend/ros2_ws/install/turtlesim/share/turtlesim/environment/pythonpath.dsv
[74.164s] -- Installing: /home/minhdiem/Do an da nganh/controlRobotBlockly-main/Backend/ros2_ws/install/turtlesim/local/lib/python3.10/dist-packages/turtlesim-1.4.2-py3.10.egg-info
[74.164s] -- Installing: /home/minhdiem/Do an da nganh/controlRobotBlockly-main/Backend/ros2_ws/install/turtlesim/local/lib/python3.10/dist-packages/turtlesim-1.4.2-py3.10.egg-info/SOURCES.txt
[74.164s] -- Installing: /home/minhdiem/Do an da nganh/controlRobotBlockly-main/Backend/ros2_ws/install/turtlesim/local/lib/python3.10/dist-packages/turtlesim-1.4.2-py3.10.egg-info/dependency_links.txt
[74.164s] -- Installing: /home/minhdiem/Do an da nganh/controlRobotBlockly-main/Backend/ros2_ws/install/turtlesim/local/lib/python3.10/dist-packages/turtlesim-1.4.2-py3.10.egg-info/PKG-INFO
[74.164s] -- Installing: /home/minhdiem/Do an da nganh/controlRobotBlockly-main/Backend/ros2_ws/install/turtlesim/local/lib/python3.10/dist-packages/turtlesim-1.4.2-py3.10.egg-info/top_level.txt
[74.164s] -- Installing: /home/minhdiem/Do an da nganh/controlRobotBlockly-main/Backend/ros2_ws/install/turtlesim/local/lib/python3.10/dist-packages/turtlesim
[74.164s] -- Installing: /home/minhdiem/Do an da nganh/controlRobotBlockly-main/Backend/ros2_ws/install/turtlesim/local/lib/python3.10/dist-packages/turtlesim/__init__.py
[74.164s] -- Installing: /home/minhdiem/Do an da nganh/controlRobotBlockly-main/Backend/ros2_ws/install/turtlesim/local/lib/python3.10/dist-packages/turtlesim/_turtlesim_s.ep.rosidl_typesupport_introspection_c.c
[74.164s] -- Installing: /home/minhdiem/Do an da nganh/controlRobotBlockly-main/Backend/ros2_ws/install/turtlesim/local/lib/python3.10/dist-packages/turtlesim/_turtlesim_s.ep.rosidl_typesupport_fastrtps_c.c
[74.165s] -- Installing: /home/minhdiem/Do an da nganh/controlRobotBlockly-main/Backend/ros2_ws/install/turtlesim/local/lib/python3.10/dist-packages/turtlesim/_turtlesim_s.ep.rosidl_typesupport_c.c
[74.165s] -- Installing: /home/minhdiem/Do an da nganh/controlRobotBlockly-main/Backend/ros2_ws/install/turtlesim/local/lib/python3.10/dist-packages/turtlesim/srv
[74.165s] -- Installing: /home/minhdiem/Do an da nganh/controlRobotBlockly-main/Backend/ros2_ws/install/turtlesim/local/lib/python3.10/dist-packages/turtlesim/srv/__init__.py
[74.165s] -- Installing: /home/minhdiem/Do an da nganh/controlRobotBlockly-main/Backend/ros2_ws/install/turtlesim/local/lib/python3.10/dist-packages/turtlesim/srv/_set_pen_s.c
[74.165s] -- Installing: /home/minhdiem/Do an da nganh/controlRobotBlockly-main/Backend/ros2_ws/install/turtlesim/local/lib/python3.10/dist-packages/turtlesim/srv/_kill_s.c
[74.165s] -- Installing: /home/minhdiem/Do an da nganh/controlRobotBlockly-main/Backend/ros2_ws/install/turtlesim/local/lib/python3.10/dist-packages/turtlesim/srv/_kill.py
[74.165s] -- Installing: /home/minhdiem/Do an da nganh/controlRobotBlockly-main/Backend/ros2_ws/install/turtlesim/local/lib/python3.10/dist-packages/turtlesim/srv/_teleport_absolute.py
[74.165s] -- Installing: /home/minhdiem/Do an da nganh/controlRobotBlockly-main/Backend/ros2_ws/install/turtlesim/local/lib/python3.10/dist-packages/turtlesim/srv/_spawn_s.c
[74.165s] -- Installing: /home/minhdiem/Do an da nganh/controlRobotBlockly-main/Backend/ros2_ws/install/turtlesim/local/lib/python3.10/dist-packages/turtlesim/srv/_spawn.py
[74.165s] -- Installing: /home/minhdiem/Do an da nganh/controlRobotBlockly-main/Backend/ros2_ws/install/turtlesim/local/lib/python3.10/dist-packages/turtlesim/srv/_teleport_relative.py
[74.165s] -- Installing: /home/minhdiem/Do an da nganh/controlRobotBlockly-main/Backend/ros2_ws/install/turtlesim/local/lib/python3.10/dist-packages/turtlesim/srv/_teleport_absolute_s.c
[74.165s] -- Installing: /home/minhdiem/Do an da nganh/controlRobotBlockly-main/Backend/ros2_ws/install/turtlesim/local/lib/python3.10/dist-packages/turtlesim/srv/_set_pen.py
[74.165s] -- Installing: /home/minhdiem/Do an da nganh/controlRobotBlockly-main/Backend/ros2_ws/install/turtlesim/local/lib/python3.10/dist-packages/turtlesim/srv/_teleport_relative_s.c
[74.165s] -- Installing: /home/minhdiem/Do an da nganh/controlRobotBlockly-main/Backend/ros2_ws/install/turtlesim/local/lib/python3.10/dist-packages/turtlesim/msg
[74.165s] -- Installing: /home/minhdiem/Do an da nganh/controlRobotBlockly-main/Backend/ros2_ws/install/turtlesim/local/lib/python3.10/dist-packages/turtlesim/msg/_pose.py
[74.165s] -- Installing: /home/minhdiem/Do an da nganh/controlRobotBlockly-main/Backend/ros2_ws/install/turtlesim/local/lib/python3.10/dist-packages/turtlesim/msg/__init__.py
[74.165s] -- Installing: /home/minhdiem/Do an da nganh/controlRobotBlockly-main/Backend/ros2_ws/install/turtlesim/local/lib/python3.10/dist-packages/turtlesim/msg/_color_s.c
[74.165s] -- Installing: /home/minhdiem/Do an da nganh/controlRobotBlockly-main/Backend/ros2_ws/install/turtlesim/local/lib/python3.10/dist-packages/turtlesim/msg/_pose_s.c
[74.165s] -- Installing: /home/minhdiem/Do an da nganh/controlRobotBlockly-main/Backend/ros2_ws/install/turtlesim/local/lib/python3.10/dist-packages/turtlesim/msg/_color.py
[74.166s] -- Installing: /home/minhdiem/Do an da nganh/controlRobotBlockly-main/Backend/ros2_ws/install/turtlesim/local/lib/python3.10/dist-packages/turtlesim/turtlesim_s__rosidl_typesupport_introspection_c.cpython-310-x86_64-linux-gnu.so
[74.166s] -- Installing: /home/minhdiem/Do an da nganh/controlRobotBlockly-main/Backend/ros2_ws/install/turtlesim/local/lib/python3.10/dist-packages/turtlesim/turtlesim_s__rosidl_typesupport_fastrtps_c.cpython-310-x86_64-linux-gnu.so
[74.166s] -- Installing: /home/minhdiem/Do an da nganh/controlRobotBlockly-main/Backend/ros2_ws/install/turtlesim/local/lib/python3.10/dist-packages/turtlesim/action
[74.166s] -- Installing: /home/minhdiem/Do an da nganh/controlRobotBlockly-main/Backend/ros2_ws/install/turtlesim/local/lib/python3.10/dist-packages/turtlesim/action/__init__.py
[74.166s] -- Installing: /home/minhdiem/Do an da nganh/controlRobotBlockly-main/Backend/ros2_ws/install/turtlesim/local/lib/python3.10/dist-packages/turtlesim/action/_rotate_absolute.py
[74.166s] -- Installing: /home/minhdiem/Do an da nganh/controlRobotBlockly-main/Backend/ros2_ws/install/turtlesim/local/lib/python3.10/dist-packages/turtlesim/action/_rotate_absolute_s.c
[74.166s] -- Installing: /home/minhdiem/Do an da nganh/controlRobotBlockly-main/Backend/ros2_ws/install/turtlesim/local/lib/python3.10/dist-packages/turtlesim/libturtlesim__rosidl_generator_py.so
[74.166s] -- Installing: /home/minhdiem/Do an da nganh/controlRobotBlockly-main/Backend/ros2_ws/install/turtlesim/local/lib/python3.10/dist-packages/turtlesim/turtlesim_s__rosidl_typesupport_c.cpython-310-x86_64-linux-gnu.so
[74.216s] Listing '/home/minhdiem/Do an da nganh/controlRobotBlockly-main/Backend/ros2_ws/install/turtlesim/local/lib/python3.10/dist-packages/turtlesim'...
[74.216s] Compiling '/home/minhdiem/Do an da nganh/controlRobotBlockly-main/Backend/ros2_ws/install/turtlesim/local/lib/python3.10/dist-packages/turtlesim/__init__.py'...
[74.216s] Listing '/home/minhdiem/Do an da nganh/controlRobotBlockly-main/Backend/ros2_ws/install/turtlesim/local/lib/python3.10/dist-packages/turtlesim/action'...
[74.216s] Compiling '/home/minhdiem/Do an da nganh/controlRobotBlockly-main/Backend/ros2_ws/install/turtlesim/local/lib/python3.10/dist-packages/turtlesim/action/__init__.py'...
[74.216s] Compiling '/home/minhdiem/Do an da nganh/controlRobotBlockly-main/Backend/ros2_ws/install/turtlesim/local/lib/python3.10/dist-packages/turtlesim/action/_rotate_absolute.py'...
[74.216s] Listing '/home/minhdiem/Do an da nganh/controlRobotBlockly-main/Backend/ros2_ws/install/turtlesim/local/lib/python3.10/dist-packages/turtlesim/msg'...
[74.216s] Compiling '/home/minhdiem/Do an da nganh/controlRobotBlockly-main/Backend/ros2_ws/install/turtlesim/local/lib/python3.10/dist-packages/turtlesim/msg/__init__.py'...
[74.216s] Compiling '/home/minhdiem/Do an da nganh/controlRobotBlockly-main/Backend/ros2_ws/install/turtlesim/local/lib/python3.10/dist-packages/turtlesim/msg/_color.py'...
[74.216s] Compiling '/home/minhdiem/Do an da nganh/controlRobotBlockly-main/Backend/ros2_ws/install/turtlesim/local/lib/python3.10/dist-packages/turtlesim/msg/_pose.py'...
[74.216s] Listing '/home/minhdiem/Do an da nganh/controlRobotBlockly-main/Backend/ros2_ws/install/turtlesim/local/lib/python3.10/dist-packages/turtlesim/srv'...
[74.216s] Compiling '/home/minhdiem/Do an da nganh/controlRobotBlockly-main/Backend/ros2_ws/install/turtlesim/local/lib/python3.10/dist-packages/turtlesim/srv/__init__.py'...
[74.216s] Compiling '/home/minhdiem/Do an da nganh/controlRobotBlockly-main/Backend/ros2_ws/install/turtlesim/local/lib/python3.10/dist-packages/turtlesim/srv/_kill.py'...
[74.216s] Compiling '/home/minhdiem/Do an da nganh/controlRobotBlockly-main/Backend/ros2_ws/install/turtlesim/local/lib/python3.10/dist-packages/turtlesim/srv/_set_pen.py'...
[74.216s] Compiling '/home/minhdiem/Do an da nganh/controlRobotBlockly-main/Backend/ros2_ws/install/turtlesim/local/lib/python3.10/dist-packages/turtlesim/srv/_spawn.py'...
[74.216s] Compiling '/home/minhdiem/Do an da nganh/controlRobotBlockly-main/Backend/ros2_ws/install/turtlesim/local/lib/python3.10/dist-packages/turtlesim/srv/_teleport_absolute.py'...
[74.216s] Compiling '/home/minhdiem/Do an da nganh/controlRobotBlockly-main/Backend/ros2_ws/install/turtlesim/local/lib/python3.10/dist-packages/turtlesim/srv/_teleport_relative.py'...
[74.222s] -- Installing: /home/minhdiem/Do an da nganh/controlRobotBlockly-main/Backend/ros2_ws/install/turtlesim/local/lib/python3.10/dist-packages/turtlesim/turtlesim_s__rosidl_typesupport_fastrtps_c.cpython-310-x86_64-linux-gnu.so
[74.222s] -- Set runtime path of "/home/minhdiem/Do an da nganh/controlRobotBlockly-main/Backend/ros2_ws/install/turtlesim/local/lib/python3.10/dist-packages/turtlesim/turtlesim_s__rosidl_typesupport_fastrtps_c.cpython-310-x86_64-linux-gnu.so" to ""
[74.222s] -- Installing: /home/minhdiem/Do an da nganh/controlRobotBlockly-main/Backend/ros2_ws/install/turtlesim/local/lib/python3.10/dist-packages/turtlesim/turtlesim_s__rosidl_typesupport_introspection_c.cpython-310-x86_64-linux-gnu.so
[74.222s] -- Set runtime path of "/home/minhdiem/Do an da nganh/controlRobotBlockly-main/Backend/ros2_ws/install/turtlesim/local/lib/python3.10/dist-packages/turtlesim/turtlesim_s__rosidl_typesupport_introspection_c.cpython-310-x86_64-linux-gnu.so" to ""
[74.222s] -- Installing: /home/minhdiem/Do an da nganh/controlRobotBlockly-main/Backend/ros2_ws/install/turtlesim/local/lib/python3.10/dist-packages/turtlesim/turtlesim_s__rosidl_typesupport_c.cpython-310-x86_64-linux-gnu.so
[74.222s] -- Set runtime path of "/home/minhdiem/Do an da nganh/controlRobotBlockly-main/Backend/ros2_ws/install/turtlesim/local/lib/python3.10/dist-packages/turtlesim/turtlesim_s__rosidl_typesupport_c.cpython-310-x86_64-linux-gnu.so" to ""
[74.222s] -- Installing: /home/minhdiem/Do an da nganh/controlRobotBlockly-main/Backend/ros2_ws/install/turtlesim/lib/libturtlesim__rosidl_generator_py.so
[74.223s] -- Set runtime path of "/home/minhdiem/Do an da nganh/controlRobotBlockly-main/Backend/ros2_ws/install/turtlesim/lib/libturtlesim__rosidl_generator_py.so" to ""
[74.223s] -- Installing: /home/minhdiem/Do an da nganh/controlRobotBlockly-main/Backend/ros2_ws/install/turtlesim/share/turtlesim/action/RotateAbsolute.idl
[74.223s] -- Installing: /home/minhdiem/Do an da nganh/controlRobotBlockly-main/Backend/ros2_ws/install/turtlesim/share/turtlesim/msg/Color.idl
[74.224s] -- Installing: /home/minhdiem/Do an da nganh/controlRobotBlockly-main/Backend/ros2_ws/install/turtlesim/share/turtlesim/msg/Pose.idl
[74.224s] -- Installing: /home/minhdiem/Do an da nganh/controlRobotBlockly-main/Backend/ros2_ws/install/turtlesim/share/turtlesim/srv/Kill.idl
[74.224s] -- Installing: /home/minhdiem/Do an da nganh/controlRobotBlockly-main/Backend/ros2_ws/install/turtlesim/share/turtlesim/srv/SetPen.idl
[74.224s] -- Installing: /home/minhdiem/Do an da nganh/controlRobotBlockly-main/Backend/ros2_ws/install/turtlesim/share/turtlesim/srv/Spawn.idl
[74.224s] -- Installing: /home/minhdiem/Do an da nganh/controlRobotBlockly-main/Backend/ros2_ws/install/turtlesim/share/turtlesim/srv/TeleportAbsolute.idl
[74.225s] -- Installing: /home/minhdiem/Do an da nganh/controlRobotBlockly-main/Backend/ros2_ws/install/turtlesim/share/turtlesim/srv/TeleportRelative.idl
[74.225s] -- Installing: /home/minhdiem/Do an da nganh/controlRobotBlockly-main/Backend/ros2_ws/install/turtlesim/share/turtlesim/action/RotateAbsolute.action
[74.226s] -- Installing: /home/minhdiem/Do an da nganh/controlRobotBlockly-main/Backend/ros2_ws/install/turtlesim/share/turtlesim/msg/Color.msg
[74.227s] -- Installing: /home/minhdiem/Do an da nganh/controlRobotBlockly-main/Backend/ros2_ws/install/turtlesim/share/turtlesim/msg/Pose.msg
[74.228s] -- Installing: /home/minhdiem/Do an da nganh/controlRobotBlockly-main/Backend/ros2_ws/install/turtlesim/share/turtlesim/srv/Kill.srv
[74.228s] -- Installing: /home/minhdiem/Do an da nganh/controlRobotBlockly-main/Backend/ros2_ws/install/turtlesim/share/turtlesim/srv/Kill_Request.msg
[74.229s] -- Installing: /home/minhdiem/Do an da nganh/controlRobotBlockly-main/Backend/ros2_ws/install/turtlesim/share/turtlesim/srv/Kill_Response.msg
[74.229s] -- Installing: /home/minhdiem/Do an da nganh/controlRobotBlockly-main/Backend/ros2_ws/install/turtlesim/share/turtlesim/srv/SetPen.srv
[74.229s] -- Installing: /home/minhdiem/Do an da nganh/controlRobotBlockly-main/Backend/ros2_ws/install/turtlesim/share/turtlesim/srv/SetPen_Request.msg
[74.229s] -- Installing: /home/minhdiem/Do an da nganh/controlRobotBlockly-main/Backend/ros2_ws/install/turtlesim/share/turtlesim/srv/SetPen_Response.msg
[74.229s] -- Installing: /home/minhdiem/Do an da nganh/controlRobotBlockly-main/Backend/ros2_ws/install/turtlesim/share/turtlesim/srv/Spawn.srv
[74.229s] -- Installing: /home/minhdiem/Do an da nganh/controlRobotBlockly-main/Backend/ros2_ws/install/turtlesim/share/turtlesim/srv/Spawn_Request.msg
[74.230s] -- Installing: /home/minhdiem/Do an da nganh/controlRobotBlockly-main/Backend/ros2_ws/install/turtlesim/share/turtlesim/srv/Spawn_Response.msg
[74.230s] -- Installing: /home/minhdiem/Do an da nganh/controlRobotBlockly-main/Backend/ros2_ws/install/turtlesim/share/turtlesim/srv/TeleportAbsolute.srv
[74.230s] -- Installing: /home/minhdiem/Do an da nganh/controlRobotBlockly-main/Backend/ros2_ws/install/turtlesim/share/turtlesim/srv/TeleportAbsolute_Request.msg
[74.230s] -- Installing: /home/minhdiem/Do an da nganh/controlRobotBlockly-main/Backend/ros2_ws/install/turtlesim/share/turtlesim/srv/TeleportAbsolute_Response.msg
[74.231s] -- Installing: /home/minhdiem/Do an da nganh/controlRobotBlockly-main/Backend/ros2_ws/install/turtlesim/share/turtlesim/srv/TeleportRelative.srv
[74.231s] -- Installing: /home/minhdiem/Do an da nganh/controlRobotBlockly-main/Backend/ros2_ws/install/turtlesim/share/turtlesim/srv/TeleportRelative_Request.msg
[74.231s] -- Installing: /home/minhdiem/Do an da nganh/controlRobotBlockly-main/Backend/ros2_ws/install/turtlesim/share/turtlesim/srv/TeleportRelative_Response.msg
[74.231s] -- Installing: /home/minhdiem/Do an da nganh/controlRobotBlockly-main/Backend/ros2_ws/install/turtlesim/lib/turtlesim/turtlesim_node
[74.241s] -- Set runtime path of "/home/minhdiem/Do an da nganh/controlRobotBlockly-main/Backend/ros2_ws/install/turtlesim/lib/turtlesim/turtlesim_node" to ""
[74.242s] -- Installing: /home/minhdiem/Do an da nganh/controlRobotBlockly-main/Backend/ros2_ws/install/turtlesim/lib/turtlesim/turtle_teleop_key
[74.246s] -- Set runtime path of "/home/minhdiem/Do an da nganh/controlRobotBlockly-main/Backend/ros2_ws/install/turtlesim/lib/turtlesim/turtle_teleop_key" to ""
[74.246s] -- Installing: /home/minhdiem/Do an da nganh/controlRobotBlockly-main/Backend/ros2_ws/install/turtlesim/lib/turtlesim/draw_square
[74.252s] -- Set runtime path of "/home/minhdiem/Do an da nganh/controlRobotBlockly-main/Backend/ros2_ws/install/turtlesim/lib/turtlesim/draw_square" to ""
[74.253s] -- Installing: /home/minhdiem/Do an da nganh/controlRobotBlockly-main/Backend/ros2_ws/install/turtlesim/lib/turtlesim/mimic
[74.259s] -- Set runtime path of "/home/minhdiem/Do an da nganh/controlRobotBlockly-main/Backend/ros2_ws/install/turtlesim/lib/turtlesim/mimic" to ""
[74.260s] -- Installing: /home/minhdiem/Do an da nganh/controlRobotBlockly-main/Backend/ros2_ws/install/turtlesim/share/turtlesim/images
[74.260s] -- Installing: /home/minhdiem/Do an da nganh/controlRobotBlockly-main/Backend/ros2_ws/install/turtlesim/share/turtlesim/images/humble.png
[74.261s] -- Installing: /home/minhdiem/Do an da nganh/controlRobotBlockly-main/Backend/ros2_ws/install/turtlesim/share/turtlesim/images/bouncy.png
[74.261s] -- Installing: /home/minhdiem/Do an da nganh/controlRobotBlockly-main/Backend/ros2_ws/install/turtlesim/share/turtlesim/images/rolling.png
[74.262s] -- Installing: /home/minhdiem/Do an da nganh/controlRobotBlockly-main/Backend/ros2_ws/install/turtlesim/share/turtlesim/images/crystal.png
[74.263s] -- Installing: /home/minhdiem/Do an da nganh/controlRobotBlockly-main/Backend/ros2_ws/install/turtlesim/share/turtlesim/images/foxy.png
[74.265s] -- Installing: /home/minhdiem/Do an da nganh/controlRobotBlockly-main/Backend/ros2_ws/install/turtlesim/share/turtlesim/images/eloquent.png
[74.266s] -- Installing: /home/minhdiem/Do an da nganh/controlRobotBlockly-main/Backend/ros2_ws/install/turtlesim/share/turtlesim/images/dashing.png
[74.266s] -- Installing: /home/minhdiem/Do an da nganh/controlRobotBlockly-main/Backend/ros2_ws/install/turtlesim/share/turtlesim/images/ardent.png
[74.267s] -- Installing: /home/minhdiem/Do an da nganh/controlRobotBlockly-main/Backend/ros2_ws/install/turtlesim/share/turtlesim/images/galactic.png
[74.268s] -- Installing: /home/minhdiem/Do an da nganh/controlRobotBlockly-main/Backend/ros2_ws/install/turtlesim/share/turtlesim/launch
[74.269s] -- Installing: /home/minhdiem/Do an da nganh/controlRobotBlockly-main/Backend/ros2_ws/install/turtlesim/share/turtlesim/launch/multisim.launch.py
[74.270s] -- Installing: /home/minhdiem/Do an da nganh/controlRobotBlockly-main/Backend/ros2_ws/install/turtlesim/share/ament_index/resource_index/package_run_dependencies/turtlesim
[74.270s] -- Installing: /home/minhdiem/Do an da nganh/controlRobotBlockly-main/Backend/ros2_ws/install/turtlesim/share/ament_index/resource_index/parent_prefix_path/turtlesim
[74.271s] -- Installing: /home/minhdiem/Do an da nganh/controlRobotBlockly-main/Backend/ros2_ws/install/turtlesim/share/turtlesim/environment/ament_prefix_path.sh
[74.272s] -- Installing: /home/minhdiem/Do an da nganh/controlRobotBlockly-main/Backend/ros2_ws/install/turtlesim/share/turtlesim/environment/ament_prefix_path.dsv
[74.272s] -- Installing: /home/minhdiem/Do an da nganh/controlRobotBlockly-main/Backend/ros2_ws/install/turtlesim/share/turtlesim/environment/path.sh
[74.285s] -- Installing: /home/minhdiem/Do an da nganh/controlRobotBlockly-main/Backend/ros2_ws/install/turtlesim/share/turtlesim/environment/path.dsv
[74.285s] -- Installing: /home/minhdiem/Do an da nganh/controlRobotBlockly-main/Backend/ros2_ws/install/turtlesim/share/turtlesim/local_setup.bash
[74.285s] -- Installing: /home/minhdiem/Do an da nganh/controlRobotBlockly-main/Backend/ros2_ws/install/turtlesim/share/turtlesim/local_setup.sh
[74.288s] -- Installing: /home/minhdiem/Do an da nganh/controlRobotBlockly-main/Backend/ros2_ws/install/turtlesim/share/turtlesim/local_setup.zsh
[74.290s] -- Installing: /home/minhdiem/Do an da nganh/controlRobotBlockly-main/Backend/ros2_ws/install/turtlesim/share/turtlesim/local_setup.dsv
[74.290s] -- Installing: /home/minhdiem/Do an da nganh/controlRobotBlockly-main/Backend/ros2_ws/install/turtlesim/share/turtlesim/package.dsv
[74.290s] -- Installing: /home/minhdiem/Do an da nganh/controlRobotBlockly-main/Backend/ros2_ws/install/turtlesim/share/ament_index/resource_index/packages/turtlesim
[74.290s] -- Installing: /home/minhdiem/Do an da nganh/controlRobotBlockly-main/Backend/ros2_ws/install/turtlesim/share/turtlesim/cmake/export_turtlesim__rosidl_generator_cExport.cmake
[74.293s] -- Installing: /home/minhdiem/Do an da nganh/controlRobotBlockly-main/Backend/ros2_ws/install/turtlesim/share/turtlesim/cmake/export_turtlesim__rosidl_generator_cExport-noconfig.cmake
[74.293s] -- Installing: /home/minhdiem/Do an da nganh/controlRobotBlockly-main/Backend/ros2_ws/install/turtlesim/share/turtlesim/cmake/export_turtlesim__rosidl_typesupport_fastrtps_cExport.cmake
[74.293s] -- Installing: /home/minhdiem/Do an da nganh/controlRobotBlockly-main/Backend/ros2_ws/install/turtlesim/share/turtlesim/cmake/export_turtlesim__rosidl_typesupport_fastrtps_cExport-noconfig.cmake
[74.293s] -- Installing: /home/minhdiem/Do an da nganh/controlRobotBlockly-main/Backend/ros2_ws/install/turtlesim/share/turtlesim/cmake/export_turtlesim__rosidl_generator_cppExport.cmake
[74.293s] -- Installing: /home/minhdiem/Do an da nganh/controlRobotBlockly-main/Backend/ros2_ws/install/turtlesim/share/turtlesim/cmake/export_turtlesim__rosidl_typesupport_fastrtps_cppExport.cmake
[74.293s] -- Installing: /home/minhdiem/Do an da nganh/controlRobotBlockly-main/Backend/ros2_ws/install/turtlesim/share/turtlesim/cmake/export_turtlesim__rosidl_typesupport_fastrtps_cppExport-noconfig.cmake
[74.294s] -- Installing: /home/minhdiem/Do an da nganh/controlRobotBlockly-main/Backend/ros2_ws/install/turtlesim/share/turtlesim/cmake/turtlesim__rosidl_typesupport_introspection_cExport.cmake
[74.294s] -- Installing: /home/minhdiem/Do an da nganh/controlRobotBlockly-main/Backend/ros2_ws/install/turtlesim/share/turtlesim/cmake/turtlesim__rosidl_typesupport_introspection_cExport-noconfig.cmake
[74.294s] -- Installing: /home/minhdiem/Do an da nganh/controlRobotBlockly-main/Backend/ros2_ws/install/turtlesim/share/turtlesim/cmake/turtlesim__rosidl_typesupport_cExport.cmake
[74.295s] -- Installing: /home/minhdiem/Do an da nganh/controlRobotBlockly-main/Backend/ros2_ws/install/turtlesim/share/turtlesim/cmake/turtlesim__rosidl_typesupport_cExport-noconfig.cmake
[74.295s] -- Installing: /home/minhdiem/Do an da nganh/controlRobotBlockly-main/Backend/ros2_ws/install/turtlesim/share/turtlesim/cmake/turtlesim__rosidl_typesupport_introspection_cppExport.cmake
[74.295s] -- Installing: /home/minhdiem/Do an da nganh/controlRobotBlockly-main/Backend/ros2_ws/install/turtlesim/share/turtlesim/cmake/turtlesim__rosidl_typesupport_introspection_cppExport-noconfig.cmake
[74.295s] -- Installing: /home/minhdiem/Do an da nganh/controlRobotBlockly-main/Backend/ros2_ws/install/turtlesim/share/turtlesim/cmake/turtlesim__rosidl_typesupport_cppExport.cmake
[74.295s] -- Installing: /home/minhdiem/Do an da nganh/controlRobotBlockly-main/Backend/ros2_ws/install/turtlesim/share/turtlesim/cmake/turtlesim__rosidl_typesupport_cppExport-noconfig.cmake
[74.296s] -- Installing: /home/minhdiem/Do an da nganh/controlRobotBlockly-main/Backend/ros2_ws/install/turtlesim/share/turtlesim/cmake/export_turtlesim__rosidl_generator_pyExport.cmake
[74.296s] -- Installing: /home/minhdiem/Do an da nganh/controlRobotBlockly-main/Backend/ros2_ws/install/turtlesim/share/turtlesim/cmake/export_turtlesim__rosidl_generator_pyExport-noconfig.cmake
[74.296s] -- Installing: /home/minhdiem/Do an da nganh/controlRobotBlockly-main/Backend/ros2_ws/install/turtlesim/share/turtlesim/cmake/rosidl_cmake-extras.cmake
[74.296s] -- Installing: /home/minhdiem/Do an da nganh/controlRobotBlockly-main/Backend/ros2_ws/install/turtlesim/share/turtlesim/cmake/ament_cmake_export_dependencies-extras.cmake
[74.296s] -- Installing: /home/minhdiem/Do an da nganh/controlRobotBlockly-main/Backend/ros2_ws/install/turtlesim/share/turtlesim/cmake/ament_cmake_export_include_directories-extras.cmake
[74.296s] -- Installing: /home/minhdiem/Do an da nganh/controlRobotBlockly-main/Backend/ros2_ws/install/turtlesim/share/turtlesim/cmake/ament_cmake_export_libraries-extras.cmake
[74.297s] -- Installing: /home/minhdiem/Do an da nganh/controlRobotBlockly-main/Backend/ros2_ws/install/turtlesim/share/turtlesim/cmake/ament_cmake_export_targets-extras.cmake
[74.297s] -- Installing: /home/minhdiem/Do an da nganh/controlRobotBlockly-main/Backend/ros2_ws/install/turtlesim/share/turtlesim/cmake/rosidl_cmake_export_typesupport_targets-extras.cmake
[74.297s] -- Installing: /home/minhdiem/Do an da nganh/controlRobotBlockly-main/Backend/ros2_ws/install/turtlesim/share/turtlesim/cmake/rosidl_cmake_export_typesupport_libraries-extras.cmake
[74.298s] -- Installing: /home/minhdiem/Do an da nganh/controlRobotBlockly-main/Backend/ros2_ws/install/turtlesim/share/turtlesim/cmake/turtlesimConfig.cmake
[74.298s] -- Installing: /home/minhdiem/Do an da nganh/controlRobotBlockly-main/Backend/ros2_ws/install/turtlesim/share/turtlesim/cmake/turtlesimConfig-version.cmake
[74.298s] -- Installing: /home/minhdiem/Do an da nganh/controlRobotBlockly-main/Backend/ros2_ws/install/turtlesim/share/turtlesim/package.xml
[74.303s] Invoked command in '/home/minhdiem/Do an da nganh/controlRobotBlockly-main/Backend/ros2_ws/build/turtlesim' returned '0': CMAKE_PREFIX_PATH=${CMAKE_PREFIX_PATH}:/opt/ros/humble /usr/bin/cmake --install /home/minhdiem/Do an da nganh/controlRobotBlockly-main/Backend/ros2_ws/build/turtlesim
