[2.505s] Invoking command in '/home/minhdiem/Do an da nganh/controlRobotBlockly-main/Backend/ros2_ws/py_pubsub': PYTHONPATH=/home/minhdiem/Do an da nganh/controlRobotBlockly-main/Backend/ros2_ws/build/py_pubsub/prefix_override:/home/minhdiem/Do an da nganh/controlRobotBlockly-main/Backend/ros2_ws/install/py_pubsub/lib/python3.10/site-packages:${PYTHONPATH} /usr/bin/python3 -W ignore:setup.py install is deprecated setup.py egg_info --egg-base ../build/py_pubsub build --build-base /home/minhdiem/Do an da nganh/controlRobotBlockly-main/Backend/ros2_ws/build/py_pubsub/build install --record /home/minhdiem/Do an da nganh/controlRobotBlockly-main/Backend/ros2_ws/build/py_pubsub/install.log --single-version-externally-managed install_data
[2.840s] running egg_info
[2.841s] creating ../build/py_pubsub/py_pubsub.egg-info
[2.863s] writing ../build/py_pubsub/py_pubsub.egg-info/PKG-INFO
[2.864s] writing dependency_links to ../build/py_pubsub/py_pubsub.egg-info/dependency_links.txt
[2.864s] writing requirements to ../build/py_pubsub/py_pubsub.egg-info/requires.txt
[2.864s] writing top-level names to ../build/py_pubsub/py_pubsub.egg-info/top_level.txt
[2.865s] writing manifest file '../build/py_pubsub/py_pubsub.egg-info/SOURCES.txt'
[2.975s] reading manifest file '../build/py_pubsub/py_pubsub.egg-info/SOURCES.txt'
[2.975s] adding license file 'LICENSE'
[2.975s] writing manifest file '../build/py_pubsub/py_pubsub.egg-info/SOURCES.txt'
[2.975s] running build
[2.975s] running build_py
[2.975s] creating /home/minhdiem/Do an da nganh/controlRobotBlockly-main/Backend/ros2_ws/build/py_pubsub/build
[2.975s] creating /home/minhdiem/Do an da nganh/controlRobotBlockly-main/Backend/ros2_ws/build/py_pubsub/build/lib
[3.009s] creating /home/minhdiem/Do an da nganh/controlRobotBlockly-main/Backend/ros2_ws/build/py_pubsub/build/lib/py_pubsub
[3.009s] copying py_pubsub/__init__.py -> /home/minhdiem/Do an da nganh/controlRobotBlockly-main/Backend/ros2_ws/build/py_pubsub/build/lib/py_pubsub
[3.009s] copying py_pubsub/publisher_member_function.py -> /home/minhdiem/Do an da nganh/controlRobotBlockly-main/Backend/ros2_ws/build/py_pubsub/build/lib/py_pubsub
[3.009s] copying py_pubsub/subscriber_member_function.py -> /home/minhdiem/Do an da nganh/controlRobotBlockly-main/Backend/ros2_ws/build/py_pubsub/build/lib/py_pubsub
[3.009s] running install
[3.009s] running install_lib
[3.047s] creating /home/minhdiem/Do an da nganh/controlRobotBlockly-main/Backend/ros2_ws/install/py_pubsub/lib/python3.10/site-packages/py_pubsub
[3.048s] copying /home/minhdiem/Do an da nganh/controlRobotBlockly-main/Backend/ros2_ws/build/py_pubsub/build/lib/py_pubsub/__init__.py -> /home/minhdiem/Do an da nganh/controlRobotBlockly-main/Backend/ros2_ws/install/py_pubsub/lib/python3.10/site-packages/py_pubsub
[3.048s] copying /home/minhdiem/Do an da nganh/controlRobotBlockly-main/Backend/ros2_ws/build/py_pubsub/build/lib/py_pubsub/publisher_member_function.py -> /home/minhdiem/Do an da nganh/controlRobotBlockly-main/Backend/ros2_ws/install/py_pubsub/lib/python3.10/site-packages/py_pubsub
[3.048s] copying /home/minhdiem/Do an da nganh/controlRobotBlockly-main/Backend/ros2_ws/build/py_pubsub/build/lib/py_pubsub/subscriber_member_function.py -> /home/minhdiem/Do an da nganh/controlRobotBlockly-main/Backend/ros2_ws/install/py_pubsub/lib/python3.10/site-packages/py_pubsub
[3.048s] byte-compiling /home/minhdiem/Do an da nganh/controlRobotBlockly-main/Backend/ros2_ws/install/py_pubsub/lib/python3.10/site-packages/py_pubsub/__init__.py to __init__.cpython-310.pyc
[3.048s] byte-compiling /home/minhdiem/Do an da nganh/controlRobotBlockly-main/Backend/ros2_ws/install/py_pubsub/lib/python3.10/site-packages/py_pubsub/publisher_member_function.py to publisher_member_function.cpython-310.pyc
[3.048s] byte-compiling /home/minhdiem/Do an da nganh/controlRobotBlockly-main/Backend/ros2_ws/install/py_pubsub/lib/python3.10/site-packages/py_pubsub/subscriber_member_function.py to subscriber_member_function.cpython-310.pyc
[3.048s] running install_data
[3.048s] creating /home/minhdiem/Do an da nganh/controlRobotBlockly-main/Backend/ros2_ws/install/py_pubsub/share/ament_index
[3.049s] creating /home/minhdiem/Do an da nganh/controlRobotBlockly-main/Backend/ros2_ws/install/py_pubsub/share/ament_index/resource_index
[3.049s] creating /home/minhdiem/Do an da nganh/controlRobotBlockly-main/Backend/ros2_ws/install/py_pubsub/share/ament_index/resource_index/packages
[3.049s] copying resource/py_pubsub -> /home/minhdiem/Do an da nganh/controlRobotBlockly-main/Backend/ros2_ws/install/py_pubsub/share/ament_index/resource_index/packages
[3.049s] copying package.xml -> /home/minhdiem/Do an da nganh/controlRobotBlockly-main/Backend/ros2_ws/install/py_pubsub/share/py_pubsub
[3.049s] running install_egg_info
[3.057s] Copying ../build/py_pubsub/py_pubsub.egg-info to /home/minhdiem/Do an da nganh/controlRobotBlockly-main/Backend/ros2_ws/install/py_pubsub/lib/python3.10/site-packages/py_pubsub-0.0.0-py3.10.egg-info
[3.059s] running install_scripts
[3.264s] writing list of installed files to '/home/minhdiem/Do an da nganh/controlRobotBlockly-main/Backend/ros2_ws/build/py_pubsub/install.log'
[3.304s] Invoked command in '/home/minhdiem/Do an da nganh/controlRobotBlockly-main/Backend/ros2_ws/py_pubsub' returned '0': PYTHONPATH=/home/minhdiem/Do an da nganh/controlRobotBlockly-main/Backend/ros2_ws/build/py_pubsub/prefix_override:/home/minhdiem/Do an da nganh/controlRobotBlockly-main/Backend/ros2_ws/install/py_pubsub/lib/python3.10/site-packages:${PYTHONPATH} /usr/bin/python3 -W ignore:setup.py install is deprecated setup.py egg_info --egg-base ../build/py_pubsub build --build-base /home/minhdiem/Do an da nganh/controlRobotBlockly-main/Backend/ros2_ws/build/py_pubsub/build install --record /home/minhdiem/Do an da nganh/controlRobotBlockly-main/Backend/ros2_ws/build/py_pubsub/install.log --single-version-externally-managed install_data
