running egg_info
writing ../build/py_pubsub/py_pubsub.egg-info/PKG-INFO
writing dependency_links to ../build/py_pubsub/py_pubsub.egg-info/dependency_links.txt
writing requirements to ../build/py_pubsub/py_pubsub.egg-info/requires.txt
writing top-level names to ../build/py_pubsub/py_pubsub.egg-info/top_level.txt
reading manifest file '../build/py_pubsub/py_pubsub.egg-info/SOURCES.txt'
adding license file 'LICENSE'
writing manifest file '../build/py_pubsub/py_pubsub.egg-info/SOURCES.txt'
running build
running build_py
copying py_pubsub/__init__.py -> /home/minhdiem/Do an da nganh/controlRobotBlockly-main/Backend/ros2_ws/build/py_pubsub/build/lib/py_pubsub
copying py_pubsub/publisher_member_function.py -> /home/minhdiem/Do an da nganh/controlRobotBlockly-main/Backend/ros2_ws/build/py_pubsub/build/lib/py_pubsub
copying py_pubsub/subscriber_member_function.py -> /home/minhdiem/Do an da nganh/controlRobotBlockly-main/Backend/ros2_ws/build/py_pubsub/build/lib/py_pubsub
running install
running install_lib
running install_data
copying resource/py_pubsub -> /home/minhdiem/Do an da nganh/controlRobotBlockly-main/Backend/ros2_ws/install/py_pubsub/share/ament_index/resource_index/packages
copying package.xml -> /home/minhdiem/Do an da nganh/controlRobotBlockly-main/Backend/ros2_ws/install/py_pubsub/share/py_pubsub
running install_egg_info
removing '/home/minhdiem/Do an da nganh/controlRobotBlockly-main/Backend/ros2_ws/install/py_pubsub/lib/python3.10/site-packages/py_pubsub-0.0.0-py3.10.egg-info' (and everything under it)
Copying ../build/py_pubsub/py_pubsub.egg-info to /home/minhdiem/Do an da nganh/controlRobotBlockly-main/Backend/ros2_ws/install/py_pubsub/lib/python3.10/site-packages/py_pubsub-0.0.0-py3.10.egg-info
running install_scripts
writing list of installed files to '/home/minhdiem/Do an da nganh/controlRobotBlockly-main/Backend/ros2_ws/build/py_pubsub/install.log'
