[1.125s] Invoking command in '/home/minhdiem/Do an da nganh/controlRobotBlockly-main/Backend/ros2_ws/py_pubsub': PYTHONPATH=/home/minhdiem/Do an da nganh/controlRobotBlockly-main/Backend/ros2_ws/build/py_pubsub/prefix_override:/home/minhdiem/Do an da nganh/controlRobotBlockly-main/Backend/ros2_ws/install/py_pubsub/lib/python3.10/site-packages:${PYTHONPATH} /usr/bin/python3 -W ignore:setup.py install is deprecated setup.py egg_info --egg-base ../build/py_pubsub build --build-base /home/minhdiem/Do an da nganh/controlRobotBlockly-main/Backend/ros2_ws/build/py_pubsub/build install --record /home/minhdiem/Do an da nganh/controlRobotBlockly-main/Backend/ros2_ws/build/py_pubsub/install.log --single-version-externally-managed install_data
[1.414s] running egg_info
[1.445s] writing ../build/py_pubsub/py_pubsub.egg-info/PKG-INFO
[1.448s] writing dependency_links to ../build/py_pubsub/py_pubsub.egg-info/dependency_links.txt
[1.448s] writing requirements to ../build/py_pubsub/py_pubsub.egg-info/requires.txt
[1.450s] writing top-level names to ../build/py_pubsub/py_pubsub.egg-info/top_level.txt
[1.491s] reading manifest file '../build/py_pubsub/py_pubsub.egg-info/SOURCES.txt'
[1.492s] adding license file 'LICENSE'
[1.494s] writing manifest file '../build/py_pubsub/py_pubsub.egg-info/SOURCES.txt'
[1.494s] running build
[1.494s] running build_py
[1.494s] copying py_pubsub/__init__.py -> /home/minhdiem/Do an da nganh/controlRobotBlockly-main/Backend/ros2_ws/build/py_pubsub/build/lib/py_pubsub
[1.495s] copying py_pubsub/publisher_member_function.py -> /home/minhdiem/Do an da nganh/controlRobotBlockly-main/Backend/ros2_ws/build/py_pubsub/build/lib/py_pubsub
[1.495s] copying py_pubsub/subscriber_member_function.py -> /home/minhdiem/Do an da nganh/controlRobotBlockly-main/Backend/ros2_ws/build/py_pubsub/build/lib/py_pubsub
[1.496s] running install
[1.505s] running install_lib
[1.530s] running install_data
[1.531s] copying resource/py_pubsub -> /home/minhdiem/Do an da nganh/controlRobotBlockly-main/Backend/ros2_ws/install/py_pubsub/share/ament_index/resource_index/packages
[1.531s] copying package.xml -> /home/minhdiem/Do an da nganh/controlRobotBlockly-main/Backend/ros2_ws/install/py_pubsub/share/py_pubsub
[1.531s] running install_egg_info
[1.557s] removing '/home/minhdiem/Do an da nganh/controlRobotBlockly-main/Backend/ros2_ws/install/py_pubsub/lib/python3.10/site-packages/py_pubsub-0.0.0-py3.10.egg-info' (and everything under it)
[1.557s] Copying ../build/py_pubsub/py_pubsub.egg-info to /home/minhdiem/Do an da nganh/controlRobotBlockly-main/Backend/ros2_ws/install/py_pubsub/lib/python3.10/site-packages/py_pubsub-0.0.0-py3.10.egg-info
[1.558s] running install_scripts
[1.703s] writing list of installed files to '/home/minhdiem/Do an da nganh/controlRobotBlockly-main/Backend/ros2_ws/build/py_pubsub/install.log'
[1.756s] Invoked command in '/home/minhdiem/Do an da nganh/controlRobotBlockly-main/Backend/ros2_ws/py_pubsub' returned '0': PYTHONPATH=/home/minhdiem/Do an da nganh/controlRobotBlockly-main/Backend/ros2_ws/build/py_pubsub/prefix_override:/home/minhdiem/Do an da nganh/controlRobotBlockly-main/Backend/ros2_ws/install/py_pubsub/lib/python3.10/site-packages:${PYTHONPATH} /usr/bin/python3 -W ignore:setup.py install is deprecated setup.py egg_info --egg-base ../build/py_pubsub build --build-base /home/minhdiem/Do an da nganh/controlRobotBlockly-main/Backend/ros2_ws/build/py_pubsub/build install --record /home/minhdiem/Do an da nganh/controlRobotBlockly-main/Backend/ros2_ws/build/py_pubsub/install.log --single-version-externally-managed install_data
